TN:
SF:src/app/App.jsx
FN:25,(anonymous_0)
FN:26,(anonymous_1)
FN:27,(anonymous_2)
FN:28,(anonymous_3)
FN:29,(anonymous_4)
FN:30,(anonymous_5)
FN:33,(anonymous_6)
FN:34,(anonymous_7)
FN:35,(anonymous_8)
FN:38,(anonymous_9)
FN:39,(anonymous_10)
FN:42,(anonymous_11)
FN:43,(anonymous_12)
FN:44,(anonymous_13)
FN:47,(anonymous_14)
FN:48,(anonymous_15)
FN:49,(anonymous_16)
FN:50,(anonymous_17)
FN:51,(anonymous_18)
FN:52,(anonymous_19)
FN:53,(anonymous_20)
FN:54,(anonymous_21)
FN:55,(anonymous_22)
FN:56,(anonymous_23)
FN:58,(anonymous_24)
FN:65,(anonymous_25)
FN:80,(anonymous_26)
FN:82,(anonymous_27)
FN:89,(anonymous_28)
FN:94,(anonymous_29)
FN:101,(anonymous_30)
FN:174,(anonymous_31)
FNF:32
FNH:31
FNDA:1,(anonymous_0)
FNDA:1,(anonymous_1)
FNDA:1,(anonymous_2)
FNDA:1,(anonymous_3)
FNDA:1,(anonymous_4)
FNDA:1,(anonymous_5)
FNDA:1,(anonymous_6)
FNDA:1,(anonymous_7)
FNDA:1,(anonymous_8)
FNDA:1,(anonymous_9)
FNDA:1,(anonymous_10)
FNDA:1,(anonymous_11)
FNDA:1,(anonymous_12)
FNDA:1,(anonymous_13)
FNDA:1,(anonymous_14)
FNDA:1,(anonymous_15)
FNDA:1,(anonymous_16)
FNDA:1,(anonymous_17)
FNDA:1,(anonymous_18)
FNDA:1,(anonymous_19)
FNDA:1,(anonymous_20)
FNDA:1,(anonymous_21)
FNDA:1,(anonymous_22)
FNDA:1,(anonymous_23)
FNDA:27,(anonymous_24)
FNDA:25,(anonymous_25)
FNDA:77,(anonymous_26)
FNDA:0,(anonymous_27)
FNDA:74,(anonymous_28)
FNDA:30,(anonymous_29)
FNDA:2,(anonymous_30)
FNDA:30,(anonymous_31)
DA:25,1
DA:26,1
DA:27,1
DA:28,1
DA:29,1
DA:30,1
DA:33,1
DA:34,1
DA:35,1
DA:38,1
DA:39,1
DA:42,1
DA:43,1
DA:44,1
DA:47,1
DA:48,1
DA:49,1
DA:50,1
DA:51,1
DA:52,1
DA:53,1
DA:54,1
DA:55,1
DA:56,1
DA:58,1
DA:59,27
DA:65,1
DA:66,25
DA:80,1
DA:81,77
DA:82,77
DA:89,77
DA:91,74
DA:94,77
DA:95,30
DA:97,28
DA:98,28
DA:101,2
DA:102,2
DA:103,2
DA:104,1
DA:107,1
DA:108,1
DA:109,1
DA:110,1
DA:112,2
DA:116,2
DA:119,77
DA:121,75
DA:174,1
DA:175,30
LF:51
LH:51
BRDA:91,0,0,74
BRDA:91,0,1,5
BRDA:95,1,0,28
BRDA:95,1,1,2
BRDA:95,2,0,30
BRDA:95,2,1,3
BRDA:119,3,0,2
BRDA:119,3,1,75
BRF:8
BRH:8
end_of_record
TN:
SF:src/app/pages/NotFound.jsx
FN:7,(anonymous_0)
FN:19,(anonymous_1)
FN:26,(anonymous_2)
FNF:3
FNH:3
FNDA:3,(anonymous_0)
FNDA:1,(anonymous_1)
FNDA:1,(anonymous_2)
DA:7,1
DA:8,3
DA:10,3
DA:19,1
DA:26,1
LF:5
LH:5
BRF:0
BRH:0
end_of_record
TN:
SF:src/app/providers/ToastContext.jsx
FN:18,(anonymous_0)
FN:24,(anonymous_1)
FN:28,(anonymous_2)
FN:29,(anonymous_3)
FN:29,(anonymous_4)
FN:33,(anonymous_5)
FN:36,(anonymous_6)
FN:37,(anonymous_7)
FN:42,(anonymous_8)
FN:60,(anonymous_9)
FN:157,(anonymous_10)
FN:225,(anonymous_11)
FNF:12
FNH:12
FNDA:10,(anonymous_0)
FNDA:17,(anonymous_1)
FNDA:2,(anonymous_2)
FNDA:2,(anonymous_3)
FNDA:2,(anonymous_4)
FNDA:7,(anonymous_5)
FNDA:7,(anonymous_6)
FNDA:1,(anonymous_7)
FNDA:7,(anonymous_8)
FNDA:9,(anonymous_9)
FNDA:9,(anonymous_10)
FNDA:1,(anonymous_11)
DA:16,1
DA:18,1
DA:19,10
DA:20,10
DA:21,7
DA:24,1
DA:25,17
DA:26,17
DA:28,17
DA:29,2
DA:32,17
DA:34,7
DA:35,7
DA:36,7
DA:37,7
DA:42,17
DA:44,17
DA:61,9
DA:69,1
DA:157,1
DA:158,9
DA:160,9
DA:226,1
DA:227,1
DA:256,1
DA:260,1
LF:26
LH:26
BRDA:20,0,0,2
BRDA:20,0,1,8
BRDA:33,1,0,7
BRDA:158,2,0,9
BRDA:158,2,1,1
BRDA:204,3,0,9
BRDA:204,3,1,8
BRDA:216,4,0,9
BRDA:216,4,1,1
BRF:9
BRH:9
end_of_record
TN:
SF:src/components/common/EmptyState.jsx
FN:10,EmptyState
FNF:1
FNH:1
FNDA:10,EmptyState
DA:16,10
DA:41,1
LF:2
LH:2
BRDA:12,0,0,10
BRDA:13,1,0,10
BRDA:14,2,0,10
BRDA:19,3,0,10
BRDA:19,3,1,1
BRDA:37,4,0,10
BRDA:37,4,1,1
BRF:7
BRH:7
end_of_record
TN:
SF:src/components/common/ErrorBanner.jsx
FN:13,(anonymous_0)
FNF:1
FNH:1
FNDA:9,(anonymous_0)
DA:8,1
DA:13,1
DA:14,9
DA:16,6
DA:25,1
LF:5
LH:5
BRDA:13,0,0,9
BRDA:13,1,0,9
BRDA:14,2,0,3
BRDA:14,2,1,6
BRF:4
BRH:4
end_of_record
TN:
SF:src/components/common/ErrorBoundary.jsx
FN:11,constructor
FN:16,getDerivedStateFromError
FN:20,componentDidCatch
FN:28,(anonymous_3)
FN:34,render
FNF:5
FNH:5
FNDA:18,constructor
FNDA:1,getDerivedStateFromError
FNDA:9,componentDidCatch
FNDA:1,(anonymous_3)
FNDA:37,render
DA:12,18
DA:13,18
DA:17,18
DA:22,9
DA:28,1
DA:29,1
DA:30,1
DA:31,1
DA:35,37
DA:36,18
DA:81,19
DA:85,1
LF:12
LH:12
BRDA:23,0,0,9
BRDA:23,0,1,0
BRDA:35,1,0,18
BRDA:35,1,1,19
BRDA:62,2,0,18
BRDA:62,2,1,18
BRF:6
BRH:5
end_of_record
TN:
SF:src/components/common/FilterTabs.jsx
FN:8,(anonymous_0)
FN:23,(anonymous_1)
FN:37,(anonymous_2)
FN:41,(anonymous_3)
FNF:4
FNH:4
FNDA:5,(anonymous_0)
FNDA:13,(anonymous_1)
FNDA:39,(anonymous_2)
FNDA:1,(anonymous_3)
DA:8,1
DA:9,5
DA:23,1
DA:31,13
DA:38,39
DA:41,1
DA:69,1
LF:7
LH:7
BRDA:9,0,0,2
BRDA:9,0,1,3
BRDA:27,1,0,13
BRDA:28,2,0,13
BRDA:29,3,0,13
BRDA:34,4,0,1
BRDA:34,4,1,12
BRDA:43,5,0,3
BRDA:43,5,1,36
BRDA:47,6,0,13
BRDA:47,6,1,26
BRDA:53,7,0,39
BRDA:53,7,1,6
BRF:13
BRH:13
end_of_record
TN:
SF:src/components/common/FullScreenLoader.jsx
FN:6,(anonymous_0)
FNF:1
FNH:1
FNDA:11,(anonymous_0)
DA:6,1
DA:7,11
DA:27,1
LF:3
LH:3
BRDA:6,0,0,11
BRF:1
BRH:1
end_of_record
TN:
SF:src/components/common/Loader.jsx
FN:16,(anonymous_0)
FNF:1
FNH:1
FNDA:15,(anonymous_0)
DA:10,1
DA:16,1
DA:17,15
DA:19,15
DA:47,1
LF:5
LH:5
BRDA:16,0,0,15
BRDA:16,1,0,15
BRDA:17,2,0,15
BRDA:17,2,1,0
BRDA:22,3,0,2
BRDA:22,3,1,13
BRDA:40,4,0,15
BRDA:40,4,1,2
BRF:8
BRH:7
end_of_record
TN:
SF:src/components/layout/DashboardShell.jsx
FN:13,(anonymous_0)
FN:17,(anonymous_1)
FN:33,(anonymous_2)
FN:45,(anonymous_3)
FN:51,(anonymous_4)
FN:55,(anonymous_5)
FN:59,(anonymous_6)
FN:59,(anonymous_7)
FN:61,(anonymous_8)
FN:63,(anonymous_9)
FN:65,(anonymous_10)
FN:68,(anonymous_11)
FN:72,(anonymous_12)
FN:75,(anonymous_13)
FN:82,(anonymous_14)
FN:118,(anonymous_15)
FN:124,(anonymous_16)
FN:125,(anonymous_17)
FN:132,(anonymous_18)
FNF:19
FNH:17
FNDA:0,(anonymous_0)
FNDA:0,(anonymous_1)
FNDA:19,(anonymous_2)
FNDA:16,(anonymous_3)
FNDA:19,(anonymous_4)
FNDA:19,(anonymous_5)
FNDA:12,(anonymous_6)
FNDA:12,(anonymous_7)
FNDA:12,(anonymous_8)
FNDA:1,(anonymous_9)
FNDA:1,(anonymous_10)
FNDA:17,(anonymous_11)
FNDA:12,(anonymous_12)
FNDA:36,(anonymous_13)
FNDA:3,(anonymous_14)
FNDA:22,(anonymous_15)
FNDA:1,(anonymous_16)
FNDA:1,(anonymous_17)
FNDA:1,(anonymous_18)
DA:13,1
DA:14,0
DA:18,0
DA:33,1
DA:41,19
DA:42,19
DA:43,19
DA:45,19
DA:46,19
DA:48,19
DA:49,19
DA:51,19
DA:52,19
DA:55,19
DA:56,19
DA:59,19
DA:61,19
DA:62,12
DA:63,1
DA:64,1
DA:65,1
DA:68,19
DA:69,17
DA:72,19
DA:73,12
DA:74,12
DA:75,36
DA:76,12
DA:77,1
DA:82,19
DA:83,3
DA:84,3
DA:85,3
DA:86,3
DA:87,1
DA:89,2
DA:91,3
DA:94,19
DA:95,1
DA:107,18
DA:108,1
DA:118,22
DA:120,17
DA:124,1
DA:125,1
DA:132,1
DA:152,1
LF:47
LH:45
BRDA:38,0,0,19
BRDA:45,1,0,16
BRDA:45,1,1,3
BRDA:52,2,0,17
BRDA:52,2,1,2
BRDA:56,3,0,16
BRDA:56,3,1,3
BRDA:62,4,0,11
BRDA:62,4,1,1
BRDA:69,5,0,1
BRDA:69,5,1,16
BRDA:76,6,0,1
BRDA:76,6,1,11
BRDA:76,7,0,12
BRDA:76,7,1,2
BRDA:86,8,0,1
BRDA:86,8,1,2
BRDA:94,9,0,1
BRDA:94,9,1,18
BRDA:107,10,0,1
BRDA:107,10,1,17
BRDA:137,11,0,17
BRDA:137,11,1,17
BRDA:140,12,0,3
BRDA:140,12,1,14
BRF:25
BRH:25
end_of_record
TN:
SF:src/components/layout/DashboardSidebar.jsx
FN:10,(anonymous_0)
FN:180,(anonymous_1)
FN:184,(anonymous_2)
FN:189,(anonymous_3)
FN:206,(anonymous_4)
FN:218,(anonymous_5)
FN:219,(anonymous_6)
FN:221,(anonymous_7)
FNF:8
FNH:8
FNDA:22,(anonymous_0)
FNDA:22,(anonymous_1)
FNDA:44,(anonymous_2)
FNDA:1,(anonymous_3)
FNDA:1,(anonymous_4)
FNDA:11,(anonymous_5)
FNDA:11,(anonymous_6)
FNDA:11,(anonymous_7)
DA:10,1
DA:11,22
DA:12,4
DA:15,1
DA:180,1
DA:181,22
DA:185,44
DA:186,44
DA:189,1
DA:206,1
DA:218,1
DA:219,11
DA:220,11
DA:221,11
DA:224,11
DA:319,1
DA:321,1
DA:327,1
DA:335,1
LF:19
LH:19
BRDA:11,0,0,18
BRDA:11,0,1,4
BRDA:11,1,0,22
BRDA:11,1,1,4
BRDA:12,2,0,2
BRDA:12,2,1,2
BRDA:190,3,0,22
BRDA:190,3,1,22
BRDA:192,4,0,44
BRDA:192,4,1,22
BRDA:195,5,0,44
BRDA:195,5,1,22
BRDA:207,6,0,0
BRDA:207,6,1,22
BRDA:209,7,0,22
BRDA:209,7,1,0
BRDA:218,8,0,11
BRDA:220,9,0,5
BRDA:220,9,1,6
BRDA:253,10,0,5
BRDA:253,10,1,6
BRDA:254,11,0,5
BRDA:254,11,1,6
BRDA:274,12,0,5
BRDA:274,12,1,6
BRF:25
BRH:23
end_of_record
TN:
SF:src/components/layout/DashboardTopbar.jsx
FN:20,(anonymous_0)
FN:24,(anonymous_1)
FNF:2
FNH:2
FNDA:12,(anonymous_0)
FNDA:2,(anonymous_1)
DA:20,1
DA:21,12
DA:22,12
DA:24,12
DA:25,2
DA:26,2
DA:30,2
DA:31,2
DA:32,2
DA:35,12
DA:80,1
LF:11
LH:11
BRF:0
BRH:0
end_of_record
TN:
SF:src/components/layout/Footer.jsx
FN:20,Footer
FN:24,(anonymous_1)
FN:59,(anonymous_2)
FN:65,(anonymous_3)
FN:68,(anonymous_4)
FN:70,(anonymous_5)
FN:71,(anonymous_6)
FN:96,(anonymous_7)
FNF:8
FNH:8
FNDA:14,Footer
FNDA:2,(anonymous_1)
FNDA:42,(anonymous_2)
FNDA:42,(anonymous_3)
FNDA:2,(anonymous_4)
FNDA:2,(anonymous_5)
FNDA:1,(anonymous_6)
FNDA:1,(anonymous_7)
DA:14,1
DA:21,14
DA:22,14
DA:24,14
DA:25,2
DA:26,2
DA:27,2
DA:30,14
DA:60,42
DA:66,42
DA:68,2
DA:70,2
DA:71,1
DA:96,1
LF:14
LH:14
BRDA:25,0,0,0
BRDA:25,0,1,2
BRDA:26,1,0,0
BRDA:26,1,1,2
BRDA:27,2,0,2
BRDA:27,2,1,0
BRF:6
BRH:3
end_of_record
TN:
SF:src/components/layout/Navbar.jsx
FN:11,Navbar
FN:15,(anonymous_1)
FN:32,(anonymous_2)
FN:35,(anonymous_3)
FN:43,(anonymous_4)
FN:58,(anonymous_5)
FN:67,(anonymous_6)
FNF:7
FNH:3
FNDA:12,Navbar
FNDA:2,(anonymous_1)
FNDA:0,(anonymous_2)
FNDA:0,(anonymous_3)
FNDA:1,(anonymous_4)
FNDA:0,(anonymous_5)
FNDA:0,(anonymous_6)
DA:12,12
DA:13,12
DA:15,12
DA:16,2
DA:17,1
DA:19,1
DA:23,12
DA:32,0
DA:35,0
DA:43,1
DA:58,0
DA:67,0
LF:12
LH:8
BRDA:16,0,0,1
BRDA:16,0,1,1
BRDA:51,1,0,12
BRDA:51,1,1,1
BRF:4
BRH:4
end_of_record
TN:
SF:src/components/layout/PublicLayout.jsx
FN:10,PublicLayout
FNF:1
FNH:1
FNDA:5,PublicLayout
DA:11,5
DA:19,1
LF:2
LH:2
BRF:0
BRH:0
end_of_record
TN:
SF:src/components/layout/Sidebar.jsx
FNF:0
FNH:0
LF:0
LH:0
BRF:0
BRH:0
end_of_record
TN:
SF:src/components/shared/WalletBalanceDisplay.jsx
FN:10,(anonymous_0)
FNF:1
FNH:1
FNDA:9,(anonymous_0)
DA:10,1
DA:11,9
DA:12,2
DA:17,7
DA:18,1
DA:21,6
DA:30,1
LF:7
LH:7
BRDA:11,0,0,2
BRDA:11,0,1,7
BRDA:17,1,0,1
BRDA:17,1,1,6
BRDA:23,2,0,2
BRDA:23,2,1,4
BRF:6
BRH:6
end_of_record
TN:
SF:src/components/shared/form/MentorshipPreferencesCard.jsx
FN:17,(anonymous_0)
FN:20,(anonymous_1)
FN:38,(anonymous_2)
FN:39,(anonymous_3)
FN:45,(anonymous_4)
FN:83,(anonymous_5)
FN:97,(anonymous_6)
FN:143,(anonymous_7)
FN:151,(anonymous_8)
FN:164,(anonymous_9)
FN:164,(anonymous_10)
FN:201,(anonymous_11)
FN:207,(anonymous_12)
FNF:13
FNH:13
FNDA:44,(anonymous_0)
FNDA:22,(anonymous_1)
FNDA:17,(anonymous_2)
FNDA:1,(anonymous_3)
FNDA:17,(anonymous_4)
FNDA:44,(anonymous_5)
FNDA:1,(anonymous_6)
FNDA:7,(anonymous_7)
FNDA:1,(anonymous_8)
FNDA:4,(anonymous_9)
FNDA:4,(anonymous_10)
FNDA:12,(anonymous_11)
FNDA:1,(anonymous_12)
DA:17,1
DA:18,44
DA:20,1
DA:35,22
DA:36,22
DA:38,22
DA:39,17
DA:40,1
DA:41,1
DA:44,17
DA:45,17
DA:48,22
DA:84,44
DA:85,44
DA:86,44
DA:97,1
DA:144,7
DA:151,1
DA:164,4
DA:202,12
DA:203,12
DA:207,1
DA:244,1
DA:266,1
LF:24
LH:24
BRDA:40,0,0,1
BRDA:40,0,1,0
BRDA:40,1,0,1
BRDA:40,1,1,1
BRDA:104,2,0,1
BRDA:104,2,1,43
BRDA:109,3,0,44
BRDA:109,3,1,1
BRDA:141,4,0,22
BRDA:141,4,1,5
BRDA:169,5,0,17
BRDA:169,5,1,5
BRDA:174,6,0,17
BRDA:174,6,1,5
BRDA:188,7,0,4
BRDA:188,7,1,18
BRDA:197,8,0,22
BRDA:197,8,1,4
BRDA:209,9,0,1
BRDA:209,9,1,11
BRDA:215,10,0,12
BRDA:215,10,1,1
BRF:22
BRH:21
end_of_record
TN:
SF:src/components/shared/icons/PaymentIcons.jsx
FN:7,(anonymous_0)
FN:23,(anonymous_1)
FN:39,(anonymous_2)
FN:54,(anonymous_3)
FNF:4
FNH:2
FNDA:8,(anonymous_0)
FNDA:8,(anonymous_1)
FNDA:0,(anonymous_2)
FNDA:0,(anonymous_3)
DA:7,1
DA:8,8
DA:23,1
DA:24,8
DA:39,1
DA:40,0
DA:54,1
DA:55,0
DA:68,1
DA:69,1
DA:70,1
DA:71,1
LF:12
LH:10
BRDA:7,0,0,8
BRDA:23,1,0,8
BRDA:39,2,0,0
BRDA:54,3,0,0
BRF:4
BRH:2
end_of_record
TN:
SF:src/components/shared/icons/PeopleIcon.jsx
FN:8,(anonymous_0)
FNF:1
FNH:1
FNDA:9,(anonymous_0)
DA:8,1
DA:9,9
DA:26,1
LF:3
LH:3
BRDA:8,0,0,9
BRF:1
BRH:1
end_of_record
TN:
SF:src/components/shared/payment/EscrowPaymentUI.jsx
FN:21,(anonymous_0)
FN:104,(anonymous_1)
FN:110,(anonymous_2)
FN:133,(anonymous_3)
FNF:4
FNH:4
FNDA:6,(anonymous_0)
FNDA:1,(anonymous_1)
FNDA:2,(anonymous_2)
FNDA:1,(anonymous_3)
DA:21,1
DA:30,6
DA:93,1
DA:104,1
DA:105,1
DA:111,2
DA:120,1
DA:133,1
DA:134,1
DA:144,1
LF:10
LH:10
BRDA:67,0,0,1
BRDA:67,0,1,5
BRF:2
BRH:2
end_of_record
TN:
SF:src/components/ui/Button.jsx
FN:7,Button
FNF:1
FNH:1
FNDA:20,Button
DA:17,20
DA:19,20
DA:26,20
DA:27,20
DA:28,20
DA:30,20
DA:41,2
LF:7
LH:7
BRDA:9,0,0,20
BRDA:11,1,0,20
BRDA:12,2,0,20
BRDA:13,3,0,20
BRDA:14,4,0,20
BRDA:26,5,0,9
BRDA:26,5,1,11
BRDA:27,6,0,1
BRDA:27,6,1,19
BRDA:28,7,0,5
BRDA:28,7,1,15
BRF:11
BRH:11
end_of_record
TN:
SF:src/components/ui/Card.jsx
FN:7,Card
FNF:1
FNH:1
FNDA:15,Card
DA:8,15
DA:17,2
LF:2
LH:2
BRDA:7,0,0,15
BRF:1
BRH:1
end_of_record
TN:
SF:src/components/ui/ChevronIcon.jsx
FN:6,ChevronIcon
FNF:1
FNH:1
FNDA:7,ChevronIcon
DA:7,7
DA:23,1
LF:2
LH:2
BRDA:6,0,0,7
BRDA:9,1,0,1
BRDA:9,1,1,6
BRF:3
BRH:3
end_of_record
TN:
SF:src/components/ui/ContactModal.jsx
FN:8,ContactModal
FN:9,(anonymous_1)
FN:11,(anonymous_2)
FN:15,(anonymous_3)
FN:107,(anonymous_4)
FN:111,(anonymous_5)
FN:145,(anonymous_6)
FN:148,(anonymous_7)
FNF:8
FNH:5
FNDA:4,ContactModal
FNDA:4,(anonymous_1)
FNDA:1,(anonymous_2)
FNDA:4,(anonymous_3)
FNDA:0,(anonymous_4)
FNDA:0,(anonymous_5)
FNDA:1,(anonymous_6)
FNDA:0,(anonymous_7)
DA:9,4
DA:10,4
DA:11,4
DA:12,1
DA:14,4
DA:15,4
DA:18,4
DA:20,4
DA:108,0
DA:109,0
DA:112,0
DA:113,0
DA:146,1
DA:149,0
DA:167,1
LF:15
LH:10
BRDA:10,0,0,0
BRDA:10,0,1,4
BRDA:12,1,0,1
BRDA:12,1,1,0
BRDA:18,2,0,0
BRDA:18,2,1,4
BRF:6
BRH:3
end_of_record
TN:
SF:src/components/ui/Dot.jsx
FN:6,Dot
FNF:1
FNH:1
FNDA:21,Dot
DA:7,21
DA:21,2
LF:2
LH:2
BRDA:12,0,0,6
BRDA:12,0,1,15
BRDA:14,1,0,6
BRDA:14,1,1,15
BRF:4
BRH:4
end_of_record
TN:
SF:src/components/ui/DotIndicator.jsx
FN:8,DotIndicator
FN:11,(anonymous_1)
FN:11,(anonymous_2)
FN:12,(anonymous_3)
FNF:4
FNH:4
FNDA:4,DotIndicator
FNDA:12,(anonymous_1)
FNDA:12,(anonymous_2)
FNDA:1,(anonymous_3)
DA:9,4
DA:11,12
DA:12,12
DA:18,1
LF:4
LH:4
BRF:0
BRH:0
end_of_record
TN:
SF:src/components/ui/FormField.jsx
FN:26,FormField
FN:37,(anonymous_1)
FN:40,(anonymous_2)
FNF:3
FNH:3
FNDA:11,FormField
FNDA:4,(anonymous_1)
FNDA:1,(anonymous_2)
DA:14,1
DA:24,1
DA:32,11
DA:33,11
DA:38,4
DA:41,1
DA:47,1
LF:7
LH:7
BRDA:27,0,0,11
BRDA:29,1,0,11
BRF:2
BRH:2
end_of_record
TN:
SF:src/components/ui/GoogleIcon.jsx
FN:6,GoogleIcon
FNF:1
FNH:1
FNDA:7,GoogleIcon
DA:11,7
DA:27,1
LF:2
LH:2
BRDA:7,0,0,7
BRDA:8,1,0,7
BRDA:9,2,0,7
BRF:3
BRH:3
end_of_record
TN:
SF:src/components/ui/HamburgerIcon.jsx
FN:6,HamburgerIcon
FNF:1
FNH:1
FNDA:7,HamburgerIcon
DA:7,7
DA:24,1
LF:2
LH:2
BRDA:16,0,0,2
BRDA:16,0,1,5
BRF:2
BRH:2
end_of_record
TN:
SF:src/components/ui/LetterBall.jsx
FN:6,LetterBall
FNF:1
FNH:1
FNDA:8,LetterBall
DA:7,8
DA:13,8
DA:21,1
LF:3
LH:3
BRDA:6,0,0,8
BRF:1
BRH:1
end_of_record
TN:
SF:src/components/ui/LinkedInIcon.jsx
FN:6,LinkedInIcon
FNF:1
FNH:1
FNDA:9,LinkedInIcon
DA:12,9
DA:26,1
LF:2
LH:2
BRDA:7,0,0,9
BRDA:8,1,0,9
BRDA:9,2,0,9
BRDA:10,3,0,9
BRF:4
BRH:4
end_of_record
TN:
SF:src/components/ui/Logo.jsx
FN:7,Logo
FNF:1
FNH:1
FNDA:6,Logo
DA:10,6
DA:11,6
DA:30,1
LF:3
LH:3
BRDA:7,0,0,6
BRDA:10,1,0,1
BRDA:10,1,1,5
BRF:3
BRH:3
end_of_record
TN:
SF:src/components/ui/OnboardingProgressBar.jsx
FN:8,(anonymous_0)
FN:14,(anonymous_1)
FN:15,(anonymous_2)
FNF:3
FNH:3
FNDA:3,(anonymous_0)
FNDA:3,(anonymous_1)
FNDA:9,(anonymous_2)
DA:8,1
DA:9,3
DA:10,2
DA:11,1
DA:14,1
DA:15,3
DA:16,9
DA:17,9
DA:18,6
DA:21,3
DA:23,3
DA:25,3
DA:56,1
LF:13
LH:13
BRDA:9,0,0,1
BRDA:9,0,1,2
BRDA:10,1,0,1
BRDA:10,1,1,1
BRDA:17,2,0,3
BRDA:17,2,1,6
BRDA:17,3,0,3
BRDA:17,3,1,3
BRDA:18,4,0,6
BRDA:18,4,1,4
BRDA:18,4,2,3
BRDA:49,5,0,1
BRDA:49,5,1,2
BRF:13
BRH:13
end_of_record
TN:
SF:src/components/ui/SideArrow.jsx
FN:6,SideArrow
FNF:1
FNH:1
FNDA:9,SideArrow
DA:7,9
DA:18,1
LF:2
LH:2
BRF:0
BRH:0
end_of_record
TN:
SF:src/components/ui/StarIcon.jsx
FN:6,StarIcon
FNF:1
FNH:1
FNDA:25,StarIcon
DA:7,25
DA:19,2
LF:2
LH:2
BRDA:6,0,0,25
BRDA:13,1,0,18
BRDA:13,1,1,7
BRF:3
BRH:3
end_of_record
TN:
SF:src/components/ui/StarRating.jsx
FN:8,StarRating
FN:11,(anonymous_1)
FN:11,(anonymous_2)
FNF:3
FNH:3
FNDA:4,StarRating
FNDA:18,(anonymous_1)
FNDA:18,(anonymous_2)
DA:9,4
DA:11,18
DA:12,18
DA:18,1
LF:4
LH:4
BRDA:8,0,0,4
BRDA:8,1,0,4
BRF:2
BRH:2
end_of_record
TN:
SF:src/components/ui/StatCard.jsx
FN:8,StatCard
FNF:1
FNH:1
FNDA:8,StatCard
DA:9,8
DA:25,1
LF:2
LH:2
BRF:0
BRH:0
end_of_record
TN:
SF:src/components/ui/SuccessCard.jsx
FN:5,SuccessCard
FNF:1
FNH:1
FNDA:11,SuccessCard
DA:6,11
LF:1
LH:1
BRF:0
BRH:0
end_of_record
TN:
SF:src/components/ui/TermsAndConditionsModal.jsx
FN:19,TermsAndConditionsModal
FN:29,(anonymous_1)
FN:34,(anonymous_2)
FN:36,(anonymous_3)
FN:40,(anonymous_4)
FN:44,(anonymous_5)
FN:46,(anonymous_6)
FN:53,(anonymous_7)
FN:169,(anonymous_8)
FNF:9
FNH:8
FNDA:5,TermsAndConditionsModal
FNDA:3,(anonymous_1)
FNDA:3,(anonymous_2)
FNDA:0,(anonymous_3)
FNDA:3,(anonymous_4)
FNDA:3,(anonymous_5)
FNDA:3,(anonymous_6)
FNDA:1,(anonymous_7)
FNDA:1,(anonymous_8)
DA:26,5
DA:29,5
DA:30,3
DA:34,5
DA:35,3
DA:36,3
DA:37,0
DA:39,3
DA:40,3
DA:44,5
DA:45,3
DA:46,3
DA:47,3
DA:51,5
DA:53,5
DA:54,1
DA:55,1
DA:58,5
DA:169,1
DA:218,1
LF:20
LH:19
BRDA:23,0,0,5
BRDA:24,1,0,5
BRDA:30,2,0,3
BRDA:30,2,1,0
BRDA:35,3,0,0
BRDA:35,3,1,3
BRDA:37,4,0,0
BRDA:37,4,1,0
BRDA:45,5,0,3
BRDA:45,5,1,0
BRDA:51,6,0,0
BRDA:51,6,1,5
BRDA:54,7,0,0
BRDA:54,7,1,1
BRDA:81,8,0,0
BRDA:81,8,1,5
BRDA:122,9,0,5
BRDA:122,9,1,0
BRDA:125,10,0,5
BRDA:125,10,1,0
BRDA:163,11,0,5
BRDA:163,11,1,5
BRF:22
BRH:12
end_of_record
TN:
SF:src/features/admin/api/admin.api.js
FN:13,(anonymous_0)
FN:16,(anonymous_1)
FN:19,(anonymous_2)
FN:23,(anonymous_3)
FN:25,(anonymous_4)
FN:29,(anonymous_5)
FN:32,(anonymous_6)
FN:36,(anonymous_7)
FN:38,(anonymous_8)
FN:40,(anonymous_9)
FN:43,(anonymous_10)
FN:46,(anonymous_11)
FN:50,(anonymous_12)
FN:52,(anonymous_13)
FN:54,(anonymous_14)
FN:58,(anonymous_15)
FN:60,(anonymous_16)
FN:64,(anonymous_17)
FN:66,(anonymous_18)
FN:69,(anonymous_19)
FN:73,(anonymous_20)
FN:75,(anonymous_21)
FN:77,(anonymous_22)
FN:80,(anonymous_23)
FN:82,(anonymous_24)
FN:84,(anonymous_25)
FN:87,(anonymous_26)
FN:91,(anonymous_27)
FN:94,(anonymous_28)
FN:97,(anonymous_29)
FNF:30
FNH:30
FNDA:1,(anonymous_0)
FNDA:1,(anonymous_1)
FNDA:1,(anonymous_2)
FNDA:1,(anonymous_3)
FNDA:1,(anonymous_4)
FNDA:1,(anonymous_5)
FNDA:1,(anonymous_6)
FNDA:1,(anonymous_7)
FNDA:1,(anonymous_8)
FNDA:1,(anonymous_9)
FNDA:1,(anonymous_10)
FNDA:1,(anonymous_11)
FNDA:1,(anonymous_12)
FNDA:1,(anonymous_13)
FNDA:1,(anonymous_14)
FNDA:1,(anonymous_15)
FNDA:1,(anonymous_16)
FNDA:1,(anonymous_17)
FNDA:1,(anonymous_18)
FNDA:1,(anonymous_19)
FNDA:1,(anonymous_20)
FNDA:1,(anonymous_21)
FNDA:1,(anonymous_22)
FNDA:1,(anonymous_23)
FNDA:1,(anonymous_24)
FNDA:1,(anonymous_25)
FNDA:1,(anonymous_26)
FNDA:1,(anonymous_27)
FNDA:1,(anonymous_28)
FNDA:1,(anonymous_29)
DA:13,1
DA:14,1
DA:16,1
DA:19,1
DA:20,1
DA:23,1
DA:25,1
DA:26,1
DA:29,1
DA:30,1
DA:32,1
DA:33,1
DA:36,1
DA:38,1
DA:40,1
DA:41,1
DA:43,1
DA:44,1
DA:46,1
DA:47,1
DA:50,1
DA:52,1
DA:54,1
DA:55,1
DA:58,1
DA:60,1
DA:61,1
DA:64,1
DA:66,1
DA:67,1
DA:69,1
DA:70,1
DA:73,1
DA:75,1
DA:77,1
DA:78,1
DA:80,1
DA:82,1
DA:84,1
DA:85,1
DA:87,1
DA:88,1
DA:91,1
DA:92,1
DA:94,1
DA:95,1
DA:97,1
DA:98,1
LF:48
LH:48
BRF:0
BRH:0
end_of_record
TN:
SF:src/features/admin/components/AdminLayout.jsx
FN:189,(anonymous_0)
FN:197,(anonymous_1)
FN:198,(anonymous_2)
FN:209,(anonymous_3)
FN:222,(anonymous_4)
FN:309,(anonymous_5)
FN:315,(anonymous_6)
FN:320,(anonymous_7)
FN:328,(anonymous_8)
FN:419,(anonymous_9)
FNF:10
FNH:10
FNDA:22,(anonymous_0)
FNDA:9,(anonymous_1)
FNDA:9,(anonymous_2)
FNDA:2,(anonymous_3)
FNDA:1,(anonymous_4)
FNDA:44,(anonymous_5)
FNDA:176,(anonymous_6)
FNDA:168,(anonymous_7)
FNDA:168,(anonymous_8)
FNDA:1,(anonymous_9)
DA:17,1
DA:189,1
DA:190,22
DA:191,22
DA:193,22
DA:194,22
DA:197,22
DA:198,9
DA:199,9
DA:200,9
DA:201,8
DA:206,9
DA:209,22
DA:210,2
DA:211,2
DA:213,1
DA:217,2
DA:218,2
DA:222,22
DA:224,22
DA:310,44
DA:316,176
DA:321,168
DA:329,168
DA:419,1
DA:470,1
LF:26
LH:26
BRDA:201,0,0,8
BRDA:201,0,1,1
BRDA:232,1,0,22
BRDA:232,1,1,1
BRDA:253,2,0,1
BRDA:253,2,1,21
BRDA:322,3,0,2
BRDA:322,3,1,166
BRDA:331,4,0,2
BRDA:331,4,1,166
BRDA:336,5,0,2
BRDA:336,5,1,166
BRDA:341,6,0,168
BRDA:341,6,1,20
BRDA:341,6,2,19
BRDA:341,6,3,17
BRDA:346,7,0,1
BRDA:346,7,1,16
BRDA:368,8,0,22
BRDA:368,8,1,22
BRDA:375,9,0,22
BRDA:375,9,1,22
BRF:22
BRH:22
end_of_record
TN:
SF:src/features/admin/components/AdminRoute.jsx
FN:10,(anonymous_0)
FNF:1
FNH:1
FNDA:3,(anonymous_0)
DA:10,1
DA:11,3
DA:13,3
DA:14,2
DA:16,1
DA:18,1
LF:6
LH:6
BRDA:13,0,0,1
BRDA:13,0,1,2
BRDA:14,1,0,1
BRDA:14,1,1,1
BRF:4
BRH:4
end_of_record
TN:
SF:src/features/admin/components/AdminSupportMessages.jsx
FN:17,AdminSupportMessages
FN:25,(anonymous_1)
FN:38,(anonymous_2)
FN:42,(anonymous_3)
FN:47,(anonymous_4)
FN:48,(anonymous_5)
FN:58,(anonymous_6)
FN:60,(anonymous_7)
FN:61,(anonymous_8)
FN:104,(anonymous_9)
FN:109,(anonymous_10)
FN:238,(anonymous_11)
FN:321,(anonymous_12)
FN:344,(anonymous_13)
FN:348,(anonymous_14)
FNF:15
FNH:15
FNDA:18,AdminSupportMessages
FNDA:5,(anonymous_1)
FNDA:4,(anonymous_2)
FNDA:2,(anonymous_3)
FNDA:1,(anonymous_4)
FNDA:2,(anonymous_5)
FNDA:12,(anonymous_6)
FNDA:12,(anonymous_7)
FNDA:12,(anonymous_8)
FNDA:12,(anonymous_9)
FNDA:2,(anonymous_10)
FNDA:2,(anonymous_11)
FNDA:54,(anonymous_12)
FNDA:54,(anonymous_13)
FNDA:2,(anonymous_14)
DA:12,1
DA:18,18
DA:19,18
DA:20,18
DA:21,18
DA:22,18
DA:23,18
DA:25,18
DA:26,5
DA:27,5
DA:28,5
DA:29,5
DA:30,4
DA:32,1
DA:34,5
DA:38,18
DA:39,4
DA:42,18
DA:43,2
DA:44,2
DA:45,2
DA:46,2
DA:47,1
DA:48,2
DA:51,1
DA:53,2
DA:57,18
DA:58,12
DA:60,18
DA:61,18
DA:66,18
DA:67,5
DA:72,13
DA:73,1
DA:94,12
DA:95,4
DA:102,8
DA:105,12
DA:106,12
DA:107,12
DA:109,12
DA:111,12
DA:238,2
DA:286,18
DA:322,54
DA:345,54
DA:348,2
LF:47
LH:47
BRDA:30,0,0,4
BRDA:30,0,1,0
BRDA:30,0,2,0
BRDA:30,0,3,0
BRDA:43,1,0,0
BRDA:43,1,1,2
BRDA:48,2,0,1
BRDA:48,2,1,1
BRDA:58,3,0,12
BRDA:58,3,1,0
BRDA:66,4,0,5
BRDA:66,4,1,13
BRDA:72,5,0,1
BRDA:72,5,1,12
BRDA:94,6,0,4
BRDA:94,6,1,8
BRDA:98,7,0,2
BRDA:98,7,1,2
BRDA:107,8,0,12
BRDA:107,8,1,0
BRDA:109,9,0,0
BRDA:109,9,1,2
BRDA:117,10,0,6
BRDA:117,10,1,6
BRDA:148,11,0,8
BRDA:148,11,1,4
BRDA:149,12,0,8
BRDA:149,12,1,4
BRDA:153,13,0,12
BRDA:153,13,1,0
BRDA:210,14,0,6
BRDA:210,14,1,6
BRDA:217,15,0,12
BRDA:217,15,1,6
BRDA:235,16,0,6
BRDA:235,16,1,5
BRDA:244,17,0,2
BRDA:244,17,1,3
BRDA:247,18,0,2
BRDA:247,18,1,3
BRDA:253,19,0,2
BRDA:253,19,1,3
BRDA:257,20,0,2
BRDA:257,20,1,3
BRDA:356,21,0,18
BRDA:356,21,1,36
BRDA:357,22,0,18
BRDA:357,22,1,36
BRDA:358,23,0,18
BRDA:358,23,1,36
BRF:50
BRH:42
end_of_record
TN:
SF:src/features/admin/components/common/MentorIndustryChart.jsx
FN:35,(anonymous_0)
FN:42,(anonymous_1)
FN:42,(anonymous_2)
FN:52,(anonymous_3)
FN:103,(anonymous_4)
FN:132,(anonymous_5)
FN:148,(anonymous_6)
FN:174,(anonymous_7)
FN:175,(anonymous_8)
FN:179,(anonymous_9)
FN:210,(anonymous_10)
FNF:11
FNH:8
FNDA:4,(anonymous_0)
FNDA:12,(anonymous_1)
FNDA:7,(anonymous_2)
FNDA:0,(anonymous_3)
FNDA:0,(anonymous_4)
FNDA:0,(anonymous_5)
FNDA:5,(anonymous_6)
FNDA:16,(anonymous_7)
FNDA:16,(anonymous_8)
FNDA:16,(anonymous_9)
FNDA:16,(anonymous_10)
DA:19,1
DA:35,1
DA:36,4
DA:38,3
DA:39,3
DA:40,3
DA:42,12
DA:45,4
DA:46,4
DA:47,12
DA:48,3
DA:52,1
DA:53,0
DA:54,0
DA:55,0
DA:89,1
DA:103,1
DA:104,0
DA:123,1
DA:132,1
DA:133,0
DA:134,0
DA:143,1
DA:148,1
DA:149,5
DA:150,1
DA:174,16
DA:175,16
DA:176,4
DA:177,4
DA:179,16
DA:184,4
DA:185,4
DA:186,2
DA:187,2
DA:188,1
DA:191,4
DA:211,16
DA:285,1
LF:39
LH:33
BRDA:36,0,0,1
BRDA:36,0,1,3
BRDA:42,1,0,3
BRDA:42,1,1,0
BRDA:53,2,0,0
BRDA:53,2,1,0
BRDA:53,3,0,0
BRDA:53,3,1,0
BRDA:83,4,0,0
BRDA:83,4,1,0
BRDA:148,5,0,5
BRDA:149,6,0,1
BRDA:149,6,1,4
BRDA:185,7,0,2
BRDA:185,7,1,2
BRDA:187,8,0,1
BRDA:187,8,1,1
BRDA:203,9,0,0
BRDA:203,9,1,4
BRDA:204,10,0,1
BRDA:204,10,1,3
BRF:21
BRH:13
end_of_record
TN:
SF:src/features/admin/components/common/StatCard.jsx
FN:8,(anonymous_0)
FNF:1
FNH:1
FNDA:6,(anonymous_0)
DA:8,1
DA:9,6
DA:49,1
LF:3
LH:3
BRDA:8,0,0,6
BRDA:21,1,0,6
BRDA:21,1,1,2
BRDA:23,2,0,1
BRDA:23,2,1,1
BRDA:25,3,0,1
BRDA:25,3,1,1
BRDA:26,4,0,1
BRDA:26,4,1,1
BRDA:32,5,0,1
BRDA:32,5,1,1
BRDA:41,6,0,6
BRDA:41,6,1,1
BRDA:44,7,0,6
BRDA:44,7,1,5
BRF:15
BRH:15
end_of_record
TN:
SF:src/features/admin/components/common/StatusBadge.jsx
FN:19,(anonymous_0)
FNF:1
FNH:1
FNDA:10,(anonymous_0)
DA:7,1
DA:19,1
DA:20,10
DA:24,10
DA:42,1
LF:5
LH:5
BRDA:20,0,0,10
BRDA:20,0,1,1
BRF:2
BRH:2
end_of_record
TN:
SF:src/features/admin/components/common/UserGrowthChart.jsx
FN:11,(anonymous_0)
FN:17,(anonymous_1)
FN:18,(anonymous_2)
FN:33,(anonymous_3)
FN:42,(anonymous_4)
FN:59,(anonymous_5)
FN:72,(anonymous_6)
FN:100,(anonymous_7)
FN:103,(anonymous_8)
FN:122,(anonymous_9)
FN:131,(anonymous_10)
FN:166,(anonymous_11)
FN:176,(anonymous_12)
FN:245,(anonymous_13)
FN:248,(anonymous_14)
FNF:15
FNH:13
FNDA:2,(anonymous_0)
FNDA:60,(anonymous_1)
FNDA:60,(anonymous_2)
FNDA:3,(anonymous_3)
FNDA:2,(anonymous_4)
FNDA:60,(anonymous_5)
FNDA:8,(anonymous_6)
FNDA:6,(anonymous_7)
FNDA:0,(anonymous_8)
FNDA:0,(anonymous_9)
FNDA:8,(anonymous_10)
FNDA:60,(anonymous_11)
FNDA:1,(anonymous_12)
FNDA:60,(anonymous_13)
FNDA:14,(anonymous_14)
DA:11,1
DA:12,2
DA:13,0
DA:15,2
DA:17,60
DA:18,60
DA:20,2
DA:21,2
DA:22,58
DA:23,58
DA:24,58
DA:26,2
DA:29,1
DA:30,1
DA:31,1
DA:33,1
DA:34,3
DA:35,3
DA:37,3
DA:38,3
DA:39,3
DA:40,3
DA:42,3
DA:43,2
DA:44,2
DA:47,3
DA:48,1
DA:59,60
DA:62,2
DA:64,2
DA:66,3
DA:67,3
DA:69,2
DA:72,2
DA:73,8
DA:74,8
DA:75,8
DA:76,8
DA:79,2
DA:101,6
DA:103,0
DA:122,0
DA:132,8
DA:167,60
DA:168,60
DA:176,1
DA:246,60
DA:249,14
DA:261,1
LF:49
LH:46
BRDA:12,0,0,0
BRDA:12,0,1,2
BRDA:15,1,0,2
BRDA:15,1,1,0
BRDA:33,2,0,3
BRDA:43,3,0,2
BRDA:43,3,1,0
BRDA:44,4,0,1
BRDA:44,4,1,1
BRDA:47,5,0,1
BRDA:47,5,1,2
BRDA:64,6,0,0
BRDA:64,6,1,2
BRDA:67,7,0,0
BRDA:67,7,1,3
BRDA:107,8,0,2
BRDA:107,8,1,4
BRDA:108,9,0,2
BRDA:108,9,1,4
BRDA:109,10,0,2
BRDA:109,10,1,4
BRDA:167,11,0,60
BRDA:167,11,1,0
BRDA:178,12,0,60
BRDA:178,12,1,1
BRDA:217,13,0,1
BRDA:217,13,1,0
BRDA:246,14,0,60
BRDA:246,14,1,48
BRF:29
BRH:22
end_of_record
TN:
SF:src/features/admin/components/payments/Avatar.jsx
FN:10,(anonymous_0)
FN:14,(anonymous_1)
FNF:2
FNH:2
FNDA:5,(anonymous_0)
FNDA:7,(anonymous_1)
DA:8,1
DA:10,1
DA:12,5
DA:14,7
DA:18,5
DA:20,5
DA:30,1
LF:7
LH:7
BRDA:12,0,0,5
BRDA:12,0,1,2
BRF:2
BRH:2
end_of_record
TN:
SF:src/features/admin/components/payments/PaymentsStatCards.jsx
FN:10,(anonymous_0)
FN:24,(anonymous_1)
FN:40,(anonymous_2)
FN:57,(anonymous_3)
FN:87,(anonymous_4)
FN:91,(anonymous_5)
FNF:6
FNH:6
FNDA:10,(anonymous_0)
FNDA:5,(anonymous_1)
FNDA:5,(anonymous_2)
FNDA:5,(anonymous_3)
FNDA:5,(anonymous_4)
FNDA:20,(anonymous_5)
DA:10,1
DA:11,10
DA:24,1
DA:25,5
DA:40,1
DA:41,5
DA:57,5
DA:87,1
DA:88,5
DA:89,5
DA:92,20
DA:98,1
LF:12
LH:12
BRDA:67,0,0,4
BRDA:67,0,1,1
BRF:2
BRH:2
end_of_record
TN:
SF:src/features/admin/components/payments/RevenueChart.jsx
FN:16,(anonymous_0)
FN:18,(anonymous_1)
FN:30,(anonymous_2)
FN:35,(anonymous_3)
FN:36,(anonymous_4)
FN:51,(anonymous_5)
FN:61,(anonymous_6)
FN:61,(anonymous_7)
FN:75,(anonymous_8)
FN:116,(anonymous_9)
FN:124,(anonymous_10)
FN:183,(anonymous_11)
FNF:12
FNH:12
FNDA:35,(anonymous_0)
FNDA:9,(anonymous_1)
FNDA:15,(anonymous_2)
FNDA:15,(anonymous_3)
FNDA:15,(anonymous_4)
FNDA:1,(anonymous_5)
FNDA:35,(anonymous_6)
FNDA:21,(anonymous_7)
FNDA:35,(anonymous_8)
FNDA:15,(anonymous_9)
FNDA:2,(anonymous_10)
FNDA:15,(anonymous_11)
DA:10,1
DA:11,1
DA:12,1
DA:13,1
DA:14,1
DA:16,35
DA:18,1
DA:19,9
DA:21,9
DA:22,1
DA:28,8
DA:30,15
DA:31,7
DA:32,7
DA:33,9
DA:35,15
DA:36,15
DA:38,9
DA:39,9
DA:40,8
DA:41,8
DA:42,8
DA:44,7
DA:46,7
DA:51,1
DA:61,35
DA:62,21
DA:76,35
DA:77,35
DA:78,35
DA:117,15
DA:124,2
DA:184,15
DA:201,1
LF:34
LH:34
BRDA:16,0,0,26
BRDA:16,0,1,9
BRDA:18,1,0,9
BRDA:21,2,0,1
BRDA:21,2,1,8
BRDA:28,3,0,1
BRDA:28,3,1,7
BRDA:32,4,0,7
BRDA:32,4,1,0
BRDA:33,5,0,9
BRDA:33,5,1,1
BRDA:61,6,0,35
BRDA:61,6,1,28
BRDA:126,7,0,15
BRDA:126,7,1,2
BRDA:117,8,0,15
BRDA:117,8,1,0
BRDA:185,9,0,15
BRDA:185,9,1,0
BRF:19
BRH:16
end_of_record
TN:
SF:src/features/admin/components/payments/RevenuePanel.jsx
FN:10,(anonymous_0)
FNF:1
FNH:1
FNDA:3,(anonymous_0)
DA:10,1
DA:11,3
DA:42,1
LF:3
LH:3
BRF:0
BRH:0
end_of_record
TN:
SF:src/features/admin/components/payments/Toast.jsx
FN:9,(anonymous_0)
FNF:1
FNH:0
FNDA:0,(anonymous_0)
DA:9,0
DA:10,0
DA:11,0
DA:27,0
LF:4
LH:0
BRDA:10,0,0,0
BRDA:10,0,1,0
BRDA:17,1,0,0
BRDA:17,1,1,0
BRDA:18,2,0,0
BRDA:18,2,1,0
BRDA:19,3,0,0
BRDA:19,3,1,0
BRF:8
BRH:0
end_of_record
TN:
SF:src/features/admin/components/payments/TransactionsTable.jsx
FN:24,(anonymous_0)
FN:26,(anonymous_1)
FN:28,(anonymous_2)
FN:50,(anonymous_3)
FN:55,(anonymous_4)
FN:56,(anonymous_5)
FN:112,(anonymous_6)
FN:113,(anonymous_7)
FN:115,(anonymous_8)
FN:163,(anonymous_9)
FN:173,(anonymous_10)
FN:174,(anonymous_11)
FN:180,(anonymous_12)
FN:183,(anonymous_13)
FN:207,(anonymous_14)
FN:235,(anonymous_15)
FN:242,(anonymous_16)
FN:245,(anonymous_17)
FN:258,(anonymous_18)
FNF:19
FNH:0
FNDA:0,(anonymous_0)
FNDA:0,(anonymous_1)
FNDA:0,(anonymous_2)
FNDA:0,(anonymous_3)
FNDA:0,(anonymous_4)
FNDA:0,(anonymous_5)
FNDA:0,(anonymous_6)
FNDA:0,(anonymous_7)
FNDA:0,(anonymous_8)
FNDA:0,(anonymous_9)
FNDA:0,(anonymous_10)
FNDA:0,(anonymous_11)
FNDA:0,(anonymous_12)
FNDA:0,(anonymous_13)
FNDA:0,(anonymous_14)
FNDA:0,(anonymous_15)
FNDA:0,(anonymous_16)
FNDA:0,(anonymous_17)
FNDA:0,(anonymous_18)
DA:24,0
DA:25,0
DA:26,0
DA:27,0
DA:29,0
DA:40,0
DA:41,0
DA:50,0
DA:51,0
DA:55,0
DA:56,0
DA:112,0
DA:113,0
DA:115,0
DA:125,0
DA:163,0
DA:173,0
DA:174,0
DA:181,0
DA:183,0
DA:208,0
DA:235,0
DA:243,0
DA:245,0
DA:258,0
DA:271,0
LF:26
LH:0
BRDA:25,0,0,0
BRDA:25,0,1,0
BRDA:40,1,0,0
BRDA:40,1,1,0
BRDA:90,2,0,0
BRDA:90,2,1,0
BRDA:188,3,0,0
BRDA:188,3,1,0
BRDA:189,4,0,0
BRDA:189,4,1,0
BRDA:250,5,0,0
BRDA:250,5,1,0
BRDA:251,6,0,0
BRDA:251,6,1,0
BRF:14
BRH:0
end_of_record
TN:
SF:src/features/admin/components/payments/TxStatusBadge.jsx
FN:12,(anonymous_0)
FNF:1
FNH:0
FNDA:0,(anonymous_0)
DA:12,0
DA:13,0
DA:18,0
DA:37,0
LF:4
LH:0
BRDA:13,0,0,0
BRDA:13,0,1,0
BRF:2
BRH:0
end_of_record
TN:
SF:src/features/admin/components/payments/TypeBadge.jsx
FN:12,(anonymous_0)
FNF:1
FNH:0
FNDA:0,(anonymous_0)
DA:12,0
DA:13,0
DA:19,0
DA:36,0
LF:4
LH:0
BRDA:13,0,0,0
BRDA:13,0,1,0
BRF:2
BRH:0
end_of_record
TN:
SF:src/features/admin/components/verifications/VerificationDetailDrawer.jsx
FN:19,(anonymous_0)
FN:44,(anonymous_1)
FN:64,(anonymous_2)
FN:91,(anonymous_3)
FN:104,(anonymous_4)
FN:152,(anonymous_5)
FN:301,(anonymous_6)
FN:329,(anonymous_7)
FN:362,(anonymous_8)
FNF:9
FNH:0
FNDA:0,(anonymous_0)
FNDA:0,(anonymous_1)
FNDA:0,(anonymous_2)
FNDA:0,(anonymous_3)
FNDA:0,(anonymous_4)
FNDA:0,(anonymous_5)
FNDA:0,(anonymous_6)
FNDA:0,(anonymous_7)
FNDA:0,(anonymous_8)
DA:19,0
DA:20,0
DA:21,0
DA:41,0
DA:44,0
DA:45,0
DA:46,0
DA:47,0
DA:65,0
DA:84,0
DA:91,0
DA:92,0
DA:99,0
DA:104,0
DA:105,0
DA:106,0
DA:107,0
DA:108,0
DA:109,0
DA:116,0
DA:152,0
DA:302,0
DA:330,0
DA:362,0
DA:385,0
LF:25
LH:0
BRDA:25,0,0,0
BRDA:25,0,1,0
BRDA:30,1,0,0
BRDA:30,1,1,0
BRDA:37,2,0,0
BRDA:37,2,1,0
BRDA:45,3,0,0
BRDA:45,3,1,0
BRDA:59,4,0,0
BRDA:59,4,1,0
BRDA:69,5,0,0
BRDA:69,5,1,0
BRDA:75,6,0,0
BRDA:75,6,1,0
BRDA:106,7,0,0
BRDA:106,7,1,0
BRDA:110,8,0,0
BRDA:110,8,1,0
BRDA:148,9,0,0
BRDA:148,9,1,0
BRDA:148,10,0,0
BRDA:148,10,1,0
BRDA:162,11,0,0
BRDA:162,11,1,0
BRDA:202,12,0,0
BRDA:202,12,1,0
BRDA:210,13,0,0
BRDA:210,13,1,0
BRDA:218,14,0,0
BRDA:218,14,1,0
BRDA:226,15,0,0
BRDA:226,15,1,0
BRDA:254,16,0,0
BRDA:254,16,1,0
BRDA:265,17,0,0
BRDA:265,17,1,0
BRDA:272,18,0,0
BRDA:272,18,1,0
BRDA:287,19,0,0
BRDA:287,19,1,0
BRDA:322,20,0,0
BRDA:322,20,1,0
BRDA:331,21,0,0
BRDA:331,21,1,0
BRDA:347,22,0,0
BRDA:347,22,1,0
BRDA:352,23,0,0
BRDA:352,23,1,0
BRDA:367,24,0,0
BRDA:367,24,1,0
BRF:50
BRH:0
end_of_record
TN:
SF:src/features/admin/components/verifications/VerificationIcons.jsx
FN:8,(anonymous_0)
FN:23,(anonymous_1)
FN:39,(anonymous_2)
FN:56,(anonymous_3)
FN:72,(anonymous_4)
FN:88,(anonymous_5)
FN:103,(anonymous_6)
FN:119,(anonymous_7)
FN:135,(anonymous_8)
FN:151,(anonymous_9)
FN:166,(anonymous_10)
FN:181,(anonymous_11)
FN:198,(anonymous_12)
FNF:13
FNH:0
FNDA:0,(anonymous_0)
FNDA:0,(anonymous_1)
FNDA:0,(anonymous_2)
FNDA:0,(anonymous_3)
FNDA:0,(anonymous_4)
FNDA:0,(anonymous_5)
FNDA:0,(anonymous_6)
FNDA:0,(anonymous_7)
FNDA:0,(anonymous_8)
FNDA:0,(anonymous_9)
FNDA:0,(anonymous_10)
FNDA:0,(anonymous_11)
FNDA:0,(anonymous_12)
DA:8,0
DA:9,0
DA:23,0
DA:24,0
DA:37,0
DA:39,0
DA:40,0
DA:54,0
DA:56,0
DA:57,0
DA:72,0
DA:73,0
DA:88,0
DA:89,0
DA:103,0
DA:104,0
DA:119,0
DA:120,0
DA:135,0
DA:136,0
DA:151,0
DA:152,0
DA:166,0
DA:167,0
DA:181,0
DA:182,0
DA:198,0
DA:199,0
LF:28
LH:0
BRDA:23,0,0,0
BRDA:39,1,0,0
BRF:2
BRH:0
end_of_record
TN:
SF:src/features/admin/components/wallet/MenteeHistoryModal.jsx
FN:17,(anonymous_0)
FN:22,(anonymous_1)
FN:23,(anonymous_2)
FN:30,(anonymous_3)
FN:46,(anonymous_4)
FN:47,(anonymous_5)
FN:52,(anonymous_6)
FN:54,(anonymous_7)
FN:58,(anonymous_8)
FN:113,(anonymous_9)
FN:117,(anonymous_10)
FN:127,(anonymous_11)
FN:197,(anonymous_12)
FN:222,(anonymous_13)
FN:233,(anonymous_14)
FN:331,(anonymous_15)
FNF:16
FNH:0
FNDA:0,(anonymous_0)
FNDA:0,(anonymous_1)
FNDA:0,(anonymous_2)
FNDA:0,(anonymous_3)
FNDA:0,(anonymous_4)
FNDA:0,(anonymous_5)
FNDA:0,(anonymous_6)
FNDA:0,(anonymous_7)
FNDA:0,(anonymous_8)
FNDA:0,(anonymous_9)
FNDA:0,(anonymous_10)
FNDA:0,(anonymous_11)
FNDA:0,(anonymous_12)
FNDA:0,(anonymous_13)
FNDA:0,(anonymous_14)
FNDA:0,(anonymous_15)
DA:17,0
DA:18,0
DA:19,0
DA:20,0
DA:22,0
DA:23,0
DA:24,0
DA:25,0
DA:26,0
DA:27,0
DA:29,0
DA:31,0
DA:33,0
DA:35,0
DA:40,0
DA:43,0
DA:46,0
DA:47,0
DA:50,0
DA:51,0
DA:53,0
DA:54,0
DA:57,0
DA:58,0
DA:65,0
DA:66,0
DA:84,0
DA:85,0
DA:111,0
DA:114,0
DA:115,0
DA:116,0
DA:117,0
DA:119,0
DA:127,0
DA:198,0
DA:223,0
DA:234,0
DA:235,0
DA:267,0
DA:332,0
DA:359,0
LF:42
LH:0
BRDA:27,0,0,0
BRDA:27,0,1,0
BRDA:31,1,0,0
BRDA:31,1,1,0
BRDA:43,2,0,0
BRDA:43,2,1,0
BRDA:47,3,0,0
BRDA:47,3,1,0
BRDA:54,4,0,0
BRDA:54,4,1,0
BRDA:58,5,0,0
BRDA:58,5,1,0
BRDA:65,6,0,0
BRDA:65,6,1,0
BRDA:84,7,0,0
BRDA:84,7,1,0
BRDA:115,8,0,0
BRDA:115,8,1,0
BRDA:135,9,0,0
BRDA:135,9,1,0
BRDA:136,10,0,0
BRDA:136,10,1,0
BRDA:137,11,0,0
BRDA:137,11,1,0
BRDA:140,12,0,0
BRDA:140,12,1,0
BRDA:144,13,0,0
BRDA:144,13,1,0
BRDA:162,14,0,0
BRDA:162,14,1,0
BRDA:172,15,0,0
BRDA:172,15,1,0
BRDA:181,16,0,0
BRDA:181,16,1,0
BRDA:187,17,0,0
BRDA:187,17,1,0
BRDA:213,18,0,0
BRDA:213,18,1,0
BRDA:234,19,0,0
BRDA:234,19,1,0
BRDA:234,20,0,0
BRDA:234,20,1,0
BRDA:234,21,0,0
BRDA:234,21,1,0
BRDA:247,22,0,0
BRDA:247,22,1,0
BRDA:247,23,0,0
BRDA:247,23,1,0
BRF:48
BRH:0
end_of_record
TN:
SF:src/features/admin/components/wallet/WalletRequestTable.jsx
FN:15,(anonymous_0)
FN:39,(anonymous_1)
FN:110,(anonymous_2)
FN:133,(anonymous_3)
FN:142,(anonymous_4)
FN:161,(anonymous_5)
FNF:6
FNH:0
FNDA:0,(anonymous_0)
FNDA:0,(anonymous_1)
FNDA:0,(anonymous_2)
FNDA:0,(anonymous_3)
FNDA:0,(anonymous_4)
FNDA:0,(anonymous_5)
DA:15,0
DA:16,0
DA:39,0
DA:46,0
DA:47,0
DA:48,0
DA:49,0
DA:51,0
DA:110,0
DA:133,0
DA:142,0
DA:161,0
DA:162,0
DA:163,0
DA:167,0
DA:168,0
DA:182,0
DA:186,0
DA:204,0
LF:19
LH:0
BRDA:46,0,0,0
BRDA:46,0,1,0
BRDA:47,1,0,0
BRDA:47,1,1,0
BRDA:55,2,0,0
BRDA:55,2,1,0
BRDA:94,3,0,0
BRDA:94,3,1,0
BRDA:129,4,0,0
BRDA:129,4,1,0
BRDA:136,5,0,0
BRDA:136,5,1,0
BRDA:138,6,0,0
BRDA:138,6,1,0
BRDA:152,7,0,0
BRDA:152,7,1,0
BRDA:162,8,0,0
BRDA:162,8,1,0
BRDA:167,9,0,0
BRDA:167,9,1,0
BRF:20
BRH:0
end_of_record
TN:
SF:src/features/admin/components/wallet/WalletStatusBadge.jsx
FN:54,(anonymous_0)
FNF:1
FNH:0
FNDA:0,(anonymous_0)
DA:8,0
DA:54,0
DA:55,0
DA:56,0
DA:70,0
LF:5
LH:0
BRDA:55,0,0,0
BRDA:55,0,1,0
BRF:2
BRH:0
end_of_record
TN:
SF:src/features/admin/constants/payments.constants.js
FNF:0
FNH:0
DA:7,2
DA:8,2
DA:12,2
DA:19,2
DA:27,2
DA:29,2
DA:74,2
DA:80,2
DA:89,2
LF:9
LH:9
BRF:0
BRH:0
end_of_record
TN:
SF:src/features/admin/context/AdminAuthContext.jsx
FN:12,(anonymous_0)
FN:17,(anonymous_1)
FN:23,(anonymous_2)
FN:39,(anonymous_3)
FN:44,(anonymous_4)
FN:56,(anonymous_5)
FN:73,(anonymous_6)
FNF:7
FNH:5
FNDA:20,(anonymous_0)
FNDA:9,(anonymous_1)
FNDA:9,(anonymous_2)
FNDA:0,(anonymous_3)
FNDA:0,(anonymous_4)
FNDA:18,(anonymous_5)
FNDA:22,(anonymous_6)
DA:10,1
DA:12,1
DA:13,20
DA:14,20
DA:15,20
DA:17,20
DA:18,9
DA:19,0
DA:20,0
DA:23,9
DA:24,9
DA:25,9
DA:28,9
DA:30,0
DA:32,9
DA:36,9
DA:39,20
DA:40,0
DA:41,0
DA:44,20
DA:45,0
DA:46,0
DA:47,0
DA:49,0
DA:51,0
DA:55,20
DA:56,18
DA:60,20
DA:69,1
DA:73,22
LF:30
LH:20
BRDA:18,0,0,0
BRDA:18,0,1,9
BRDA:28,1,0,0
BRDA:28,1,1,9
BRF:4
BRH:2
end_of_record
TN:
SF:src/features/admin/hooks/usePaymentsData.js
FN:21,(anonymous_0)
FN:37,(anonymous_1)
FN:39,(anonymous_2)
FN:42,(anonymous_3)
FN:51,(anonymous_4)
FN:64,(anonymous_5)
FN:82,(anonymous_6)
FN:90,(anonymous_7)
FN:94,(anonymous_8)
FN:102,(anonymous_9)
FNF:10
FNH:0
FNDA:0,(anonymous_0)
FNDA:0,(anonymous_1)
FNDA:0,(anonymous_2)
FNDA:0,(anonymous_3)
FNDA:0,(anonymous_4)
FNDA:0,(anonymous_5)
FNDA:0,(anonymous_6)
FNDA:0,(anonymous_7)
FNDA:0,(anonymous_8)
FNDA:0,(anonymous_9)
DA:13,0
DA:14,0
DA:15,0
DA:21,0
DA:22,0
DA:23,0
DA:24,0
DA:25,0
DA:30,0
DA:31,0
DA:32,0
DA:33,0
DA:34,0
DA:35,0
DA:37,0
DA:38,0
DA:39,0
DA:42,0
DA:43,0
DA:44,0
DA:45,0
DA:47,0
DA:51,0
DA:52,0
DA:53,0
DA:54,0
DA:55,0
DA:57,0
DA:59,0
DA:63,0
DA:65,0
DA:66,0
DA:67,0
DA:68,0
DA:69,0
DA:70,0
DA:71,0
DA:72,0
DA:74,0
DA:76,0
DA:82,0
DA:83,0
DA:84,0
DA:85,0
DA:89,0
DA:91,0
DA:92,0
DA:93,0
DA:94,0
DA:101,0
DA:103,0
DA:104,0
DA:109,0
LF:53
LH:0
BRDA:37,0,0,0
BRDA:45,1,0,0
BRDA:45,1,1,0
BRDA:45,1,2,0
BRDA:55,2,0,0
BRDA:55,2,1,0
BRDA:64,3,0,0
BRDA:64,4,0,0
BRDA:64,5,0,0
BRDA:68,6,0,0
BRDA:68,6,1,0
BRDA:69,7,0,0
BRDA:69,7,1,0
BRDA:71,8,0,0
BRDA:71,8,1,0
BRF:15
BRH:0
end_of_record
TN:
SF:src/features/admin/pages/AdminEngagements.jsx
FN:49,(anonymous_0)
FN:53,(anonymous_1)
FN:59,(anonymous_2)
FN:66,(anonymous_3)
FN:72,(anonymous_4)
FN:73,(anonymous_5)
FN:74,(anonymous_6)
FN:80,(anonymous_7)
FN:83,(anonymous_8)
FN:98,(anonymous_9)
FN:99,(anonymous_10)
FN:111,(anonymous_11)
FN:122,(anonymous_12)
FN:147,(anonymous_13)
FN:170,(anonymous_14)
FN:182,(anonymous_15)
FN:199,(anonymous_16)
FN:224,(anonymous_17)
FN:237,(anonymous_18)
FN:239,(anonymous_19)
FN:243,(anonymous_20)
FN:254,(anonymous_21)
FN:274,(anonymous_22)
FN:279,(anonymous_23)
FN:282,(anonymous_24)
FN:285,(anonymous_25)
FN:290,(anonymous_26)
FN:296,(anonymous_27)
FN:296,(anonymous_28)
FN:297,(anonymous_29)
FN:298,(anonymous_30)
FN:312,(anonymous_31)
FN:314,(anonymous_32)
FN:328,(anonymous_33)
FN:330,(anonymous_34)
FN:331,(anonymous_35)
FN:333,(anonymous_36)
FN:370,(anonymous_37)
FN:391,(anonymous_38)
FN:404,(anonymous_39)
FN:405,(anonymous_40)
FN:414,(anonymous_41)
FN:416,(anonymous_42)
FN:418,(anonymous_43)
FN:431,(anonymous_44)
FN:449,(anonymous_45)
FN:452,(anonymous_46)
FNF:47
FNH:41
FNDA:1,(anonymous_0)
FNDA:1,(anonymous_1)
FNDA:1,(anonymous_2)
FNDA:154,(anonymous_3)
FNDA:5,(anonymous_4)
FNDA:5,(anonymous_5)
FNDA:5,(anonymous_6)
FNDA:8,(anonymous_7)
FNDA:29,(anonymous_8)
FNDA:10,(anonymous_9)
FNDA:20,(anonymous_10)
FNDA:10,(anonymous_11)
FNDA:1,(anonymous_12)
FNDA:1,(anonymous_13)
FNDA:1,(anonymous_14)
FNDA:6,(anonymous_15)
FNDA:22,(anonymous_16)
FNDA:22,(anonymous_17)
FNDA:2,(anonymous_18)
FNDA:0,(anonymous_19)
FNDA:7,(anonymous_20)
FNDA:13,(anonymous_21)
FNDA:7,(anonymous_22)
FNDA:1,(anonymous_23)
FNDA:1,(anonymous_24)
FNDA:1,(anonymous_25)
FNDA:3,(anonymous_26)
FNDA:2,(anonymous_27)
FNDA:2,(anonymous_28)
FNDA:0,(anonymous_29)
FNDA:0,(anonymous_30)
FNDA:72,(anonymous_31)
FNDA:432,(anonymous_32)
FNDA:5,(anonymous_33)
FNDA:0,(anonymous_34)
FNDA:0,(anonymous_35)
FNDA:2,(anonymous_36)
FNDA:110,(anonymous_37)
FNDA:1,(anonymous_38)
FNDA:154,(anonymous_39)
FNDA:1,(anonymous_40)
FNDA:1,(anonymous_41)
FNDA:1,(anonymous_42)
FNDA:1,(anonymous_43)
FNDA:132,(anonymous_44)
FNDA:0,(anonymous_45)
FNDA:1,(anonymous_46)
DA:16,1
DA:17,1
DA:20,1
DA:21,1
DA:22,1
DA:23,1
DA:27,1
DA:49,1
DA:53,1
DA:59,1
DA:66,154
DA:72,5
DA:73,5
DA:74,5
DA:80,1
DA:81,8
DA:83,1
DA:84,29
DA:88,1
DA:98,1
DA:99,20
DA:100,10
DA:101,10
DA:102,10
DA:103,10
DA:111,1
DA:112,10
DA:122,1
DA:123,1
DA:124,1
DA:147,1
DA:148,1
DA:160,1
DA:171,1
DA:183,6
DA:199,1
DA:200,22
DA:201,1
DA:202,1
DA:224,1
DA:225,22
DA:226,22
DA:227,22
DA:228,22
DA:229,22
DA:230,22
DA:231,22
DA:232,22
DA:233,22
DA:234,22
DA:235,22
DA:237,22
DA:238,2
DA:239,2
DA:243,22
DA:244,7
DA:245,7
DA:246,6
DA:248,1
DA:253,22
DA:255,13
DA:256,13
DA:257,13
DA:258,13
DA:259,13
DA:260,13
DA:261,13
DA:262,13
DA:263,11
DA:264,11
DA:266,1
DA:268,12
DA:274,22
DA:275,7
DA:276,7
DA:279,22
DA:280,1
DA:281,1
DA:282,1
DA:285,22
DA:286,1
DA:287,1
DA:290,22
DA:291,3
DA:292,3
DA:293,3
DA:296,22
DA:297,22
DA:298,22
DA:300,22
DA:311,22
DA:312,12
DA:313,72
DA:315,432
DA:321,10
DA:322,5
DA:328,5
DA:329,5
DA:330,5
DA:331,5
DA:332,5
DA:333,2
DA:350,5
DA:351,5
DA:355,22
DA:371,110
DA:391,1
DA:405,154
DA:414,1
DA:416,1
DA:418,1
DA:432,132
DA:449,0
DA:452,1
DA:464,1
DA:468,1
DA:475,1
DA:484,1
DA:496,1
LF:119
LH:118
BRDA:50,0,0,0
BRDA:50,0,1,1
BRDA:51,1,0,0
BRDA:51,1,1,1
BRDA:54,2,0,0
BRDA:54,2,1,1
BRDA:57,3,0,0
BRDA:57,3,1,1
BRDA:62,4,0,0
BRDA:62,4,1,1
BRDA:63,5,0,0
BRDA:63,5,1,1
BRDA:64,6,0,0
BRDA:64,6,1,1
BRDA:69,7,0,22
BRDA:69,7,1,132
BRDA:70,8,0,22
BRDA:70,8,1,132
BRDA:72,9,0,1
BRDA:72,9,1,4
BRDA:73,10,0,1
BRDA:73,10,1,4
BRDA:75,11,0,1
BRDA:75,11,1,4
BRDA:81,12,0,6
BRDA:81,12,1,2
BRDA:83,13,0,29
BRDA:83,14,0,29
BRDA:83,15,0,29
BRDA:99,16,0,10
BRDA:99,16,1,0
BRDA:115,17,0,10
BRDA:115,17,1,0
BRDA:116,18,0,10
BRDA:116,18,1,0
BRDA:126,19,0,0
BRDA:126,19,1,1
BRDA:139,20,0,1
BRDA:139,20,1,0
BRDA:149,21,0,1
BRDA:149,21,1,0
BRDA:152,22,0,1
BRDA:152,22,1,0
BRDA:152,22,2,0
BRDA:154,23,0,1
BRDA:154,23,1,0
BRDA:200,24,0,21
BRDA:200,24,1,1
BRDA:204,25,0,0
BRDA:204,25,1,1
BRDA:237,26,0,2
BRDA:254,27,0,13
BRDA:254,28,0,13
BRDA:254,29,0,13
BRDA:254,30,0,13
BRDA:254,31,0,13
BRDA:258,32,0,1
BRDA:258,32,1,12
BRDA:259,33,0,4
BRDA:259,33,1,9
BRDA:260,34,0,2
BRDA:260,34,1,11
BRDA:261,35,0,1
BRDA:261,35,1,12
BRDA:296,36,0,1
BRDA:296,36,1,1
BRDA:311,37,0,12
BRDA:311,37,1,10
BRDA:316,38,0,144
BRDA:316,38,1,288
BRDA:321,39,0,5
BRDA:321,39,1,5
BRDA:330,40,0,0
BRDA:330,40,1,0
BRDA:331,41,0,0
BRDA:331,41,1,0
BRDA:337,42,0,5
BRDA:337,42,1,0
BRDA:343,43,0,1
BRDA:343,43,1,4
BRDA:350,44,0,1
BRDA:350,44,1,4
BRDA:406,45,0,22
BRDA:406,45,1,132
BRDA:416,46,0,22
BRDA:416,46,1,20
BRDA:416,46,2,2
BRDA:443,47,0,22
BRDA:443,47,1,3
BRF:89
BRH:67
end_of_record
TN:
SF:src/features/admin/pages/AdminLogin.jsx
FN:12,(anonymous_0)
FN:21,(anonymous_1)
FN:128,(anonymous_2)
FN:137,(anonymous_3)
FN:140,(anonymous_4)
FN:160,(anonymous_5)
FN:169,(anonymous_6)
FN:172,(anonymous_7)
FN:178,(anonymous_8)
FNF:9
FNH:8
FNDA:55,(anonymous_0)
FNDA:2,(anonymous_1)
FNDA:35,(anonymous_2)
FNDA:2,(anonymous_3)
FNDA:2,(anonymous_4)
FNDA:14,(anonymous_5)
FNDA:2,(anonymous_6)
FNDA:2,(anonymous_7)
FNDA:0,(anonymous_8)
DA:12,1
DA:13,55
DA:14,55
DA:15,55
DA:16,55
DA:17,55
DA:18,55
DA:19,55
DA:21,55
DA:22,2
DA:23,2
DA:24,2
DA:25,2
DA:26,2
DA:27,1
DA:28,1
DA:30,1
DA:34,2
DA:38,55
DA:128,35
DA:138,2
DA:141,2
DA:160,14
DA:170,2
DA:173,2
DA:178,0
LF:26
LH:25
BRDA:31,0,0,1
BRDA:31,0,1,0
BRDA:158,1,0,0
BRDA:158,1,1,55
BRDA:181,2,0,0
BRDA:181,2,1,55
BRDA:213,3,0,55
BRDA:213,3,1,1
BRDA:243,4,0,2
BRDA:243,4,1,53
BRDA:247,5,0,2
BRDA:247,5,1,53
BRDA:248,6,0,2
BRDA:248,6,1,53
BRDA:251,7,0,2
BRDA:251,7,1,53
BRF:16
BRH:13
end_of_record
TN:
SF:src/features/admin/pages/AdminPayments.jsx
FN:14,(anonymous_0)
FNF:1
FNH:0
FNDA:0,(anonymous_0)
DA:14,0
DA:28,0
DA:30,0
LF:3
LH:0
BRF:0
BRH:0
end_of_record
TN:
SF:src/features/admin/pages/AdminReports.jsx
FN:21,(anonymous_0)
FN:44,(anonymous_1)
FN:63,(anonymous_2)
FN:74,(anonymous_3)
FN:99,(anonymous_4)
FN:119,(anonymous_5)
FN:134,(anonymous_6)
FN:148,(anonymous_7)
FN:178,(anonymous_8)
FN:179,(anonymous_9)
FN:202,(anonymous_10)
FN:256,(anonymous_11)
FN:287,(anonymous_12)
FN:301,(anonymous_13)
FN:304,(anonymous_14)
FN:342,(anonymous_15)
FN:347,(anonymous_16)
FN:348,(anonymous_17)
FN:381,(anonymous_18)
FN:394,(anonymous_19)
FN:404,(anonymous_20)
FN:415,(anonymous_21)
FN:417,(anonymous_22)
FN:420,(anonymous_23)
FN:427,(anonymous_24)
FN:440,(anonymous_25)
FN:445,(anonymous_26)
FN:448,(anonymous_27)
FN:451,(anonymous_28)
FN:456,(anonymous_29)
FN:457,(anonymous_30)
FN:457,(anonymous_31)
FN:462,(anonymous_32)
FN:463,(anonymous_33)
FN:463,(anonymous_34)
FN:469,(anonymous_35)
FN:470,(anonymous_36)
FN:470,(anonymous_37)
FN:502,(anonymous_38)
FN:504,(anonymous_39)
FN:516,(anonymous_40)
FN:519,(anonymous_41)
FN:520,(anonymous_42)
FN:533,(anonymous_43)
FN:536,(anonymous_44)
FN:537,(anonymous_45)
FN:559,(anonymous_46)
FN:574,(anonymous_47)
FN:578,(anonymous_48)
FN:579,(anonymous_49)
FN:584,(anonymous_50)
FN:585,(anonymous_51)
FN:598,(anonymous_52)
FN:615,(anonymous_53)
FN:622,(anonymous_54)
FN:634,(anonymous_55)
FNF:56
FNH:0
FNDA:0,(anonymous_0)
FNDA:0,(anonymous_1)
FNDA:0,(anonymous_2)
FNDA:0,(anonymous_3)
FNDA:0,(anonymous_4)
FNDA:0,(anonymous_5)
FNDA:0,(anonymous_6)
FNDA:0,(anonymous_7)
FNDA:0,(anonymous_8)
FNDA:0,(anonymous_9)
FNDA:0,(anonymous_10)
FNDA:0,(anonymous_11)
FNDA:0,(anonymous_12)
FNDA:0,(anonymous_13)
FNDA:0,(anonymous_14)
FNDA:0,(anonymous_15)
FNDA:0,(anonymous_16)
FNDA:0,(anonymous_17)
FNDA:0,(anonymous_18)
FNDA:0,(anonymous_19)
FNDA:0,(anonymous_20)
FNDA:0,(anonymous_21)
FNDA:0,(anonymous_22)
FNDA:0,(anonymous_23)
FNDA:0,(anonymous_24)
FNDA:0,(anonymous_25)
FNDA:0,(anonymous_26)
FNDA:0,(anonymous_27)
FNDA:0,(anonymous_28)
FNDA:0,(anonymous_29)
FNDA:0,(anonymous_30)
FNDA:0,(anonymous_31)
FNDA:0,(anonymous_32)
FNDA:0,(anonymous_33)
FNDA:0,(anonymous_34)
FNDA:0,(anonymous_35)
FNDA:0,(anonymous_36)
FNDA:0,(anonymous_37)
FNDA:0,(anonymous_38)
FNDA:0,(anonymous_39)
FNDA:0,(anonymous_40)
FNDA:0,(anonymous_41)
FNDA:0,(anonymous_42)
FNDA:0,(anonymous_43)
FNDA:0,(anonymous_44)
FNDA:0,(anonymous_45)
FNDA:0,(anonymous_46)
FNDA:0,(anonymous_47)
FNDA:0,(anonymous_48)
FNDA:0,(anonymous_49)
FNDA:0,(anonymous_50)
FNDA:0,(anonymous_51)
FNDA:0,(anonymous_52)
FNDA:0,(anonymous_53)
FNDA:0,(anonymous_54)
FNDA:0,(anonymous_55)
DA:12,0
DA:13,0
DA:16,0
DA:17,0
DA:18,0
DA:21,0
DA:22,0
DA:23,0
DA:37,0
DA:44,0
DA:45,0
DA:46,0
DA:56,0
DA:63,0
DA:64,0
DA:65,0
DA:74,0
DA:75,0
DA:99,0
DA:100,0
DA:103,0
DA:104,0
DA:105,0
DA:106,0
DA:107,0
DA:108,0
DA:110,0
DA:111,0
DA:112,0
DA:114,0
DA:119,0
DA:120,0
DA:121,0
DA:122,0
DA:123,0
DA:124,0
DA:125,0
DA:126,0
DA:128,0
DA:130,0
DA:134,0
DA:135,0
DA:136,0
DA:137,0
DA:138,0
DA:139,0
DA:141,0
DA:142,0
DA:144,0
DA:148,0
DA:149,0
DA:150,0
DA:151,0
DA:152,0
DA:153,0
DA:155,0
DA:156,0
DA:158,0
DA:162,0
DA:178,0
DA:179,0
DA:203,0
DA:256,0
DA:287,0
DA:302,0
DA:303,0
DA:304,0
DA:342,0
DA:347,0
DA:348,0
DA:381,0
DA:394,0
DA:404,0
DA:405,0
DA:406,0
DA:407,0
DA:408,0
DA:409,0
DA:410,0
DA:411,0
DA:412,0
DA:413,0
DA:415,0
DA:416,0
DA:417,0
DA:420,0
DA:421,0
DA:422,0
DA:423,0
DA:424,0
DA:427,0
DA:428,0
DA:429,0
DA:430,0
DA:431,0
DA:432,0
DA:433,0
DA:434,0
DA:435,0
DA:436,0
DA:437,0
DA:440,0
DA:441,0
DA:442,0
DA:445,0
DA:446,0
DA:447,0
DA:448,0
DA:451,0
DA:452,0
DA:453,0
DA:456,0
DA:457,0
DA:458,0
DA:459,0
DA:462,0
DA:463,0
DA:465,0
DA:466,0
DA:469,0
DA:470,0
DA:472,0
DA:473,0
DA:476,0
DA:491,0
DA:501,0
DA:502,0
DA:503,0
DA:505,0
DA:511,0
DA:512,0
DA:516,0
DA:517,0
DA:519,0
DA:520,0
DA:533,0
DA:536,0
DA:537,0
DA:545,0
DA:559,0
DA:574,0
DA:578,0
DA:579,0
DA:585,0
DA:599,0
DA:615,0
DA:622,0
DA:634,0
DA:644,0
DA:651,0
DA:655,0
DA:659,0
DA:669,0
LF:153
LH:0
BRDA:22,0,0,0
BRDA:22,0,1,0
BRDA:27,1,0,0
BRDA:27,1,1,0
BRDA:28,2,0,0
BRDA:28,2,1,0
BRDA:29,3,0,0
BRDA:29,3,1,0
BRDA:45,4,0,0
BRDA:45,4,1,0
BRDA:64,5,0,0
BRDA:64,5,1,0
BRDA:90,6,0,0
BRDA:90,6,1,0
BRDA:91,7,0,0
BRDA:91,7,1,0
BRDA:101,8,0,0
BRDA:101,8,1,0
BRDA:103,9,0,0
BRDA:103,9,1,0
BRDA:120,10,0,0
BRDA:120,10,1,0
BRDA:128,11,0,0
BRDA:128,11,1,0
BRDA:141,12,0,0
BRDA:141,12,1,0
BRDA:155,13,0,0
BRDA:155,13,1,0
BRDA:205,14,0,0
BRDA:205,14,1,0
BRDA:209,15,0,0
BRDA:209,15,1,0
BRDA:217,16,0,0
BRDA:217,16,1,0
BRDA:223,17,0,0
BRDA:223,17,1,0
BRDA:238,18,0,0
BRDA:238,18,1,0
BRDA:240,19,0,0
BRDA:240,19,1,0
BRDA:240,20,0,0
BRDA:240,20,1,0
BRDA:245,21,0,0
BRDA:245,21,1,0
BRDA:246,22,0,0
BRDA:246,22,1,0
BRDA:249,23,0,0
BRDA:249,23,1,0
BRDA:257,24,0,0
BRDA:257,24,1,0
BRDA:262,25,0,0
BRDA:262,25,1,0
BRDA:271,26,0,0
BRDA:271,26,1,0
BRDA:308,27,0,0
BRDA:308,27,1,0
BRDA:309,28,0,0
BRDA:309,28,1,0
BRDA:310,29,0,0
BRDA:310,29,1,0
BRDA:312,30,0,0
BRDA:312,30,1,0
BRDA:352,31,0,0
BRDA:352,31,1,0
BRDA:365,32,0,0
BRDA:365,32,1,0
BRDA:366,33,0,0
BRDA:366,33,1,0
BRDA:373,34,0,0
BRDA:373,34,1,0
BRDA:386,35,0,0
BRDA:386,35,1,0
BRDA:415,36,0,0
BRDA:427,37,0,0
BRDA:427,38,0,0
BRDA:427,39,0,0
BRDA:431,40,0,0
BRDA:431,40,1,0
BRDA:432,41,0,0
BRDA:432,41,1,0
BRDA:434,42,0,0
BRDA:434,42,1,0
BRDA:457,43,0,0
BRDA:457,43,1,0
BRDA:463,44,0,0
BRDA:463,44,1,0
BRDA:470,45,0,0
BRDA:470,45,1,0
BRDA:478,46,0,0
BRDA:478,46,1,0
BRDA:482,47,0,0
BRDA:482,47,1,0
BRDA:486,48,0,0
BRDA:486,48,1,0
BRDA:501,49,0,0
BRDA:501,49,1,0
BRDA:511,50,0,0
BRDA:511,50,1,0
BRDA:522,51,0,0
BRDA:522,51,1,0
BRDA:526,52,0,0
BRDA:526,52,1,0
BRDA:587,53,0,0
BRDA:587,53,1,0
BRDA:587,54,0,0
BRDA:587,54,1,0
BRDA:620,55,0,0
BRDA:620,55,1,0
BRDA:631,56,0,0
BRDA:631,56,1,0
BRF:110
BRH:0
end_of_record
TN:
SF:src/features/admin/pages/AdminSettings.jsx
FN:23,(anonymous_0)
FN:51,(anonymous_1)
FN:87,(anonymous_2)
FN:88,(anonymous_3)
FN:119,(anonymous_4)
FN:155,(anonymous_5)
FN:192,(anonymous_6)
FN:211,(anonymous_7)
FN:241,(anonymous_8)
FN:276,(anonymous_9)
FN:278,(anonymous_10)
FN:281,(anonymous_11)
FN:282,(anonymous_12)
FN:294,(anonymous_13)
FN:309,(anonymous_14)
FNF:15
FNH:0
FNDA:0,(anonymous_0)
FNDA:0,(anonymous_1)
FNDA:0,(anonymous_2)
FNDA:0,(anonymous_3)
FNDA:0,(anonymous_4)
FNDA:0,(anonymous_5)
FNDA:0,(anonymous_6)
FNDA:0,(anonymous_7)
FNDA:0,(anonymous_8)
FNDA:0,(anonymous_9)
FNDA:0,(anonymous_10)
FNDA:0,(anonymous_11)
FNDA:0,(anonymous_12)
FNDA:0,(anonymous_13)
FNDA:0,(anonymous_14)
DA:18,0
DA:19,0
DA:23,0
DA:28,0
DA:42,0
DA:51,0
DA:64,0
DA:87,0
DA:88,0
DA:105,0
DA:119,0
DA:120,0
DA:121,0
DA:155,0
DA:162,0
DA:192,0
DA:193,0
DA:211,0
DA:212,0
DA:241,0
DA:242,0
DA:243,0
DA:244,0
DA:254,0
DA:267,0
DA:276,0
DA:277,0
DA:278,0
DA:281,0
DA:282,0
DA:283,0
DA:284,0
DA:286,0
DA:288,0
DA:291,0
DA:294,0
DA:295,0
DA:296,0
DA:297,0
DA:298,0
DA:300,0
DA:305,0
DA:309,0
DA:310,0
DA:311,0
DA:312,0
DA:316,0
DA:317,0
DA:318,0
DA:320,0
DA:327,0
DA:488,0
DA:495,0
DA:503,0
DA:510,0
LF:55
LH:0
BRDA:24,0,0,0
BRDA:25,1,0,0
BRDA:26,2,0,0
BRDA:57,3,0,0
BRDA:61,4,0,0
BRDA:78,5,0,0
BRDA:78,5,1,0
BRDA:90,6,0,0
BRDA:90,6,1,0
BRDA:99,7,0,0
BRDA:99,7,1,0
BRDA:120,8,0,0
BRDA:120,8,1,0
BRDA:127,9,0,0
BRDA:127,9,1,0
BRDA:128,10,0,0
BRDA:128,10,1,0
BRDA:129,11,0,0
BRDA:129,11,1,0
BRDA:133,12,0,0
BRDA:133,12,1,0
BRDA:160,13,0,0
BRDA:183,14,0,0
BRDA:183,14,1,0
BRDA:192,15,0,0
BRDA:192,16,0,0
BRDA:204,17,0,0
BRDA:204,17,1,0
BRDA:207,18,0,0
BRDA:207,18,1,0
BRDA:233,19,0,0
BRDA:233,19,1,0
BRDA:236,20,0,0
BRDA:236,20,1,0
BRDA:276,21,0,0
BRDA:301,22,0,0
BRDA:301,22,1,0
BRDA:321,23,0,0
BRDA:321,23,1,0
BRDA:393,24,0,0
BRDA:393,24,1,0
BRDA:460,25,0,0
BRDA:460,25,1,0
BRF:43
BRH:0
end_of_record
TN:
SF:src/features/admin/pages/AdminUserManagement.jsx
FN:20,(anonymous_0)
FN:83,(anonymous_1)
FN:99,(anonymous_2)
FN:101,(anonymous_3)
FN:115,(anonymous_4)
FN:134,(anonymous_5)
FN:136,(anonymous_6)
FN:140,(anonymous_7)
FN:149,(anonymous_8)
FN:158,(anonymous_9)
FN:167,(anonymous_10)
FN:185,(anonymous_11)
FN:193,(anonymous_12)
FN:196,(anonymous_13)
FN:199,(anonymous_14)
FN:204,(anonymous_15)
FN:209,(anonymous_16)
FN:240,(anonymous_17)
FN:242,(anonymous_18)
FN:244,(anonymous_19)
FN:266,(anonymous_20)
FN:271,(anonymous_21)
FN:272,(anonymous_22)
FN:336,(anonymous_23)
FN:361,(anonymous_24)
FN:387,(anonymous_25)
FN:501,(anonymous_26)
FN:509,(anonymous_27)
FN:521,(anonymous_28)
FN:522,(anonymous_29)
FN:539,(anonymous_30)
FN:543,(anonymous_31)
FN:544,(anonymous_32)
FN:554,(anonymous_33)
FN:575,(anonymous_34)
FN:582,(anonymous_35)
FN:599,(anonymous_36)
FNF:37
FNH:0
FNDA:0,(anonymous_0)
FNDA:0,(anonymous_1)
FNDA:0,(anonymous_2)
FNDA:0,(anonymous_3)
FNDA:0,(anonymous_4)
FNDA:0,(anonymous_5)
FNDA:0,(anonymous_6)
FNDA:0,(anonymous_7)
FNDA:0,(anonymous_8)
FNDA:0,(anonymous_9)
FNDA:0,(anonymous_10)
FNDA:0,(anonymous_11)
FNDA:0,(anonymous_12)
FNDA:0,(anonymous_13)
FNDA:0,(anonymous_14)
FNDA:0,(anonymous_15)
FNDA:0,(anonymous_16)
FNDA:0,(anonymous_17)
FNDA:0,(anonymous_18)
FNDA:0,(anonymous_19)
FNDA:0,(anonymous_20)
FNDA:0,(anonymous_21)
FNDA:0,(anonymous_22)
FNDA:0,(anonymous_23)
FNDA:0,(anonymous_24)
FNDA:0,(anonymous_25)
FNDA:0,(anonymous_26)
FNDA:0,(anonymous_27)
FNDA:0,(anonymous_28)
FNDA:0,(anonymous_29)
FNDA:0,(anonymous_30)
FNDA:0,(anonymous_31)
FNDA:0,(anonymous_32)
FNDA:0,(anonymous_33)
FNDA:0,(anonymous_34)
FNDA:0,(anonymous_35)
FNDA:0,(anonymous_36)
DA:16,0
DA:17,0
DA:20,0
DA:21,0
DA:45,0
DA:47,0
DA:83,0
DA:84,0
DA:85,0
DA:99,0
DA:100,0
DA:101,0
DA:102,0
DA:103,0
DA:104,0
DA:115,0
DA:116,0
DA:117,0
DA:118,0
DA:119,0
DA:120,0
DA:121,0
DA:122,0
DA:124,0
DA:125,0
DA:127,0
DA:128,0
DA:129,0
DA:131,0
DA:134,0
DA:135,0
DA:136,0
DA:140,0
DA:141,0
DA:142,0
DA:143,0
DA:145,0
DA:149,0
DA:150,0
DA:151,0
DA:152,0
DA:154,0
DA:158,0
DA:159,0
DA:160,0
DA:161,0
DA:163,0
DA:167,0
DA:168,0
DA:169,0
DA:170,0
DA:171,0
DA:172,0
DA:173,0
DA:175,0
DA:176,0
DA:177,0
DA:179,0
DA:181,0
DA:185,0
DA:186,0
DA:187,0
DA:188,0
DA:189,0
DA:193,0
DA:194,0
DA:195,0
DA:196,0
DA:199,0
DA:200,0
DA:201,0
DA:204,0
DA:205,0
DA:206,0
DA:209,0
DA:210,0
DA:211,0
DA:212,0
DA:214,0
DA:215,0
DA:216,0
DA:217,0
DA:218,0
DA:220,0
DA:221,0
DA:222,0
DA:224,0
DA:225,0
DA:228,0
DA:229,0
DA:230,0
DA:231,0
DA:233,0
DA:235,0
DA:240,0
DA:241,0
DA:242,0
DA:243,0
DA:245,0
DA:256,0
DA:257,0
DA:266,0
DA:267,0
DA:271,0
DA:273,0
DA:336,0
DA:361,0
DA:387,0
DA:418,0
DA:501,0
DA:509,0
DA:522,0
DA:539,0
DA:543,0
DA:544,0
DA:555,0
DA:575,0
DA:582,0
DA:599,0
DA:607,0
DA:618,0
DA:622,0
LF:122
LH:0
BRDA:72,0,0,0
BRDA:72,0,1,0
BRDA:89,1,0,0
BRDA:89,1,1,0
BRDA:90,2,0,0
BRDA:90,2,1,0
BRDA:93,3,0,0
BRDA:93,3,1,0
BRDA:100,4,0,0
BRDA:100,4,1,0
BRDA:101,5,0,0
BRDA:101,5,1,0
BRDA:134,6,0,0
BRDA:145,7,0,0
BRDA:145,7,1,0
BRDA:152,8,0,0
BRDA:152,8,1,0
BRDA:152,8,2,0
BRDA:154,9,0,0
BRDA:154,9,1,0
BRDA:161,10,0,0
BRDA:161,10,1,0
BRDA:161,10,2,0
BRDA:163,11,0,0
BRDA:163,11,1,0
BRDA:167,12,0,0
BRDA:167,13,0,0
BRDA:167,14,0,0
BRDA:167,15,0,0
BRDA:171,16,0,0
BRDA:171,16,1,0
BRDA:172,17,0,0
BRDA:172,17,1,0
BRDA:173,18,0,0
BRDA:173,18,1,0
BRDA:210,19,0,0
BRDA:210,19,1,0
BRDA:215,20,0,0
BRDA:215,20,1,0
BRDA:218,21,0,0
BRDA:218,21,1,0
BRDA:222,22,0,0
BRDA:222,22,1,0
BRDA:231,23,0,0
BRDA:231,23,1,0
BRDA:233,24,0,0
BRDA:233,24,1,0
BRDA:241,25,0,0
BRDA:241,25,1,0
BRDA:248,26,0,0
BRDA:248,26,1,0
BRDA:256,27,0,0
BRDA:256,27,1,0
BRDA:285,28,0,0
BRDA:285,28,1,0
BRDA:310,29,0,0
BRDA:310,29,1,0
BRDA:314,30,0,0
BRDA:314,30,1,0
BRDA:334,31,0,0
BRDA:334,31,1,0
BRDA:422,32,0,0
BRDA:422,32,1,0
BRDA:426,33,0,0
BRDA:426,33,1,0
BRDA:427,34,0,0
BRDA:427,34,1,0
BRDA:428,35,0,0
BRDA:428,35,1,0
BRDA:430,36,0,0
BRDA:430,36,1,0
BRDA:450,37,0,0
BRDA:450,37,1,0
BRDA:464,38,0,0
BRDA:464,38,1,0
BRDA:478,39,0,0
BRDA:478,39,1,0
BRDA:504,40,0,0
BRDA:504,40,1,0
BRDA:505,41,0,0
BRDA:505,41,1,0
BRDA:512,42,0,0
BRDA:512,42,1,0
BRDA:513,43,0,0
BRDA:513,43,1,0
BRDA:526,44,0,0
BRDA:526,44,1,0
BRDA:527,45,0,0
BRDA:527,45,1,0
BRDA:529,46,0,0
BRDA:529,46,1,0
BRDA:568,47,0,0
BRDA:568,47,1,0
BRDA:594,48,0,0
BRDA:594,48,1,0
BRF:95
BRH:0
end_of_record
TN:
SF:src/features/admin/pages/AdminVerifications.jsx
FN:40,(anonymous_0)
FN:53,(anonymous_1)
FN:68,(anonymous_2)
FN:138,(anonymous_3)
FN:176,(anonymous_4)
FN:195,(anonymous_5)
FN:206,(anonymous_6)
FN:219,(anonymous_7)
FN:223,(anonymous_8)
FN:225,(anonymous_9)
FN:229,(anonymous_10)
FN:237,(anonymous_11)
FN:238,(anonymous_12)
FN:251,(anonymous_13)
FN:268,(anonymous_14)
FN:284,(anonymous_15)
FN:287,(anonymous_16)
FN:315,(anonymous_17)
FN:351,(anonymous_18)
FN:354,(anonymous_19)
FN:378,(anonymous_20)
FN:386,(anonymous_21)
FN:387,(anonymous_22)
FN:394,(anonymous_23)
FN:397,(anonymous_24)
FNF:25
FNH:0
FNDA:0,(anonymous_0)
FNDA:0,(anonymous_1)
FNDA:0,(anonymous_2)
FNDA:0,(anonymous_3)
FNDA:0,(anonymous_4)
FNDA:0,(anonymous_5)
FNDA:0,(anonymous_6)
FNDA:0,(anonymous_7)
FNDA:0,(anonymous_8)
FNDA:0,(anonymous_9)
FNDA:0,(anonymous_10)
FNDA:0,(anonymous_11)
FNDA:0,(anonymous_12)
FNDA:0,(anonymous_13)
FNDA:0,(anonymous_14)
FNDA:0,(anonymous_15)
FNDA:0,(anonymous_16)
FNDA:0,(anonymous_17)
FNDA:0,(anonymous_18)
FNDA:0,(anonymous_19)
FNDA:0,(anonymous_20)
FNDA:0,(anonymous_21)
FNDA:0,(anonymous_22)
FNDA:0,(anonymous_23)
FNDA:0,(anonymous_24)
DA:25,0
DA:30,0
DA:40,0
DA:48,0
DA:50,0
DA:53,0
DA:68,0
DA:125,0
DA:138,0
DA:145,0
DA:146,0
DA:154,0
DA:155,0
DA:168,0
DA:169,0
DA:176,0
DA:177,0
DA:195,0
DA:196,0
DA:197,0
DA:198,0
DA:199,0
DA:200,0
DA:201,0
DA:202,0
DA:203,0
DA:206,0
DA:207,0
DA:208,0
DA:209,0
DA:210,0
DA:211,0
DA:213,0
DA:215,0
DA:219,0
DA:220,0
DA:223,0
DA:224,0
DA:225,0
DA:229,0
DA:230,0
DA:231,0
DA:234,0
DA:237,0
DA:238,0
DA:239,0
DA:250,0
DA:251,0
DA:259,0
DA:261,0
DA:263,0
DA:268,0
DA:270,0
DA:273,0
DA:278,0
DA:281,0
DA:284,0
DA:287,0
DA:294,0
DA:315,0
DA:352,0
DA:354,0
DA:378,0
DA:386,0
DA:387,0
DA:395,0
DA:397,0
LF:67
LH:0
BRDA:57,0,0,0
BRDA:57,0,1,0
BRDA:60,1,0,0
BRDA:60,1,1,0
BRDA:64,2,0,0
BRDA:64,2,1,0
BRDA:64,3,0,0
BRDA:64,3,1,0
BRDA:76,4,0,0
BRDA:76,4,1,0
BRDA:80,5,0,0
BRDA:80,5,1,0
BRDA:85,6,0,0
BRDA:85,6,1,0
BRDA:93,7,0,0
BRDA:93,7,1,0
BRDA:100,8,0,0
BRDA:100,8,1,0
BRDA:113,9,0,0
BRDA:113,9,1,0
BRDA:145,10,0,0
BRDA:145,10,1,0
BRDA:154,11,0,0
BRDA:154,11,1,0
BRDA:168,12,0,0
BRDA:168,12,1,0
BRDA:185,13,0,0
BRDA:185,13,1,0
BRDA:186,14,0,0
BRDA:186,14,1,0
BRDA:178,15,0,0
BRDA:178,15,1,0
BRDA:211,16,0,0
BRDA:211,16,1,0
BRDA:239,17,0,0
BRDA:239,17,1,0
BRDA:250,18,0,0
BRDA:250,18,1,0
BRDA:270,19,0,0
BRDA:270,19,1,0
BRDA:273,20,0,0
BRDA:273,20,1,0
BRDA:273,20,2,0
BRDA:273,20,3,0
BRDA:273,20,4,0
BRDA:278,21,0,0
BRDA:278,21,1,0
BRDA:297,22,0,0
BRDA:297,22,1,0
BRDA:301,23,0,0
BRDA:301,23,1,0
BRDA:306,24,0,0
BRDA:306,24,1,0
BRDA:312,25,0,0
BRDA:312,25,1,0
BRDA:357,26,0,0
BRDA:357,26,1,0
BRDA:358,27,0,0
BRDA:358,27,1,0
BRDA:359,28,0,0
BRDA:359,28,1,0
BRDA:400,29,0,0
BRDA:400,29,1,0
BRDA:444,30,0,0
BRDA:444,30,1,0
BRDA:444,30,2,0
BRF:66
BRH:0
end_of_record
TN:
SF:src/features/admin/pages/AdminWalletRequests.jsx
FN:22,(anonymous_0)
FN:31,(anonymous_1)
FN:33,(anonymous_2)
FN:36,(anonymous_3)
FN:48,(anonymous_4)
FN:52,(anonymous_5)
FN:56,(anonymous_6)
FN:57,(anonymous_7)
FN:67,(anonymous_8)
FN:71,(anonymous_9)
FN:72,(anonymous_10)
FN:82,(anonymous_11)
FN:93,(anonymous_12)
FN:94,(anonymous_13)
FN:95,(anonymous_14)
FN:139,(anonymous_15)
FN:150,(anonymous_16)
FN:208,(anonymous_17)
FN:212,(anonymous_18)
FN:252,(anonymous_19)
FN:270,(anonymous_20)
FNF:21
FNH:0
FNDA:0,(anonymous_0)
FNDA:0,(anonymous_1)
FNDA:0,(anonymous_2)
FNDA:0,(anonymous_3)
FNDA:0,(anonymous_4)
FNDA:0,(anonymous_5)
FNDA:0,(anonymous_6)
FNDA:0,(anonymous_7)
FNDA:0,(anonymous_8)
FNDA:0,(anonymous_9)
FNDA:0,(anonymous_10)
FNDA:0,(anonymous_11)
FNDA:0,(anonymous_12)
FNDA:0,(anonymous_13)
FNDA:0,(anonymous_14)
FNDA:0,(anonymous_15)
FNDA:0,(anonymous_16)
FNDA:0,(anonymous_17)
FNDA:0,(anonymous_18)
FNDA:0,(anonymous_19)
FNDA:0,(anonymous_20)
DA:22,0
DA:23,0
DA:24,0
DA:25,0
DA:26,0
DA:27,0
DA:28,0
DA:29,0
DA:31,0
DA:32,0
DA:33,0
DA:36,0
DA:37,0
DA:38,0
DA:39,0
DA:40,0
DA:42,0
DA:44,0
DA:48,0
DA:49,0
DA:52,0
DA:53,0
DA:54,0
DA:55,0
DA:56,0
DA:57,0
DA:59,0
DA:61,0
DA:63,0
DA:67,0
DA:68,0
DA:69,0
DA:70,0
DA:71,0
DA:72,0
DA:74,0
DA:76,0
DA:78,0
DA:82,0
DA:83,0
DA:84,0
DA:85,0
DA:87,0
DA:89,0
DA:92,0
DA:93,0
DA:94,0
DA:95,0
DA:100,0
DA:101,0
DA:119,0
DA:120,0
DA:122,0
DA:140,0
DA:151,0
DA:166,0
DA:209,0
DA:212,0
DA:252,0
DA:270,0
LF:60
LH:0
BRDA:31,0,0,0
BRDA:40,1,0,0
BRDA:40,1,1,0
BRDA:40,1,2,0
BRDA:57,2,0,0
BRDA:57,2,1,0
BRDA:61,3,0,0
BRDA:61,3,1,0
BRDA:72,4,0,0
BRDA:72,4,1,0
BRDA:76,5,0,0
BRDA:76,5,1,0
BRDA:83,6,0,0
BRDA:83,6,1,0
BRDA:84,7,0,0
BRDA:84,7,1,0
BRDA:85,8,0,0
BRDA:85,8,1,0
BRDA:87,9,0,0
BRDA:87,9,1,0
BRDA:89,10,0,0
BRDA:89,10,1,0
BRDA:100,11,0,0
BRDA:100,11,1,0
BRDA:119,12,0,0
BRDA:119,12,1,0
BRDA:216,13,0,0
BRDA:216,13,1,0
BRDA:217,14,0,0
BRDA:217,14,1,0
BRDA:225,15,0,0
BRDA:225,15,1,0
BRDA:226,16,0,0
BRDA:226,16,1,0
BRDA:267,17,0,0
BRDA:267,17,1,0
BRF:36
BRH:0
end_of_record
TN:
SF:src/features/admin/pages/walletRequests.utils.js
FN:7,(anonymous_0)
FN:10,(anonymous_1)
FN:23,(anonymous_2)
FN:28,(anonymous_3)
FN:44,(anonymous_4)
FNF:5
FNH:5
FNDA:8,(anonymous_0)
FNDA:17,(anonymous_1)
FNDA:7,(anonymous_2)
FNDA:5,(anonymous_3)
FNDA:6,(anonymous_4)
DA:7,1
DA:8,8
DA:10,17
DA:15,1
DA:23,1
DA:24,7
DA:25,7
DA:28,1
DA:29,5
DA:30,2
DA:37,1
DA:44,1
DA:45,6
DA:46,4
DA:47,3
LF:15
LH:15
BRDA:7,0,0,8
BRDA:23,1,0,7
BRDA:24,2,0,7
BRDA:24,2,1,2
BRDA:29,3,0,3
BRDA:29,3,1,2
BRDA:45,4,0,2
BRDA:45,4,1,4
BRDA:46,5,0,1
BRDA:46,5,1,3
BRF:10
BRH:10
end_of_record
TN:
SF:src/features/auth/api/auth.api.js
FN:8,(anonymous_0)
FN:11,(anonymous_1)
FN:14,(anonymous_2)
FNF:3
FNH:3
FNDA:1,(anonymous_0)
FNDA:1,(anonymous_1)
FNDA:1,(anonymous_2)
DA:8,1
DA:9,1
DA:11,1
DA:12,1
DA:14,1
LF:5
LH:5
BRF:0
BRH:0
end_of_record
TN:
SF:src/features/auth/components/AuthIcons.jsx
FN:8,(anonymous_0)
FN:14,(anonymous_1)
FN:20,(anonymous_2)
FN:29,(anonymous_3)
FNF:4
FNH:0
FNDA:0,(anonymous_0)
FNDA:0,(anonymous_1)
FNDA:0,(anonymous_2)
FNDA:0,(anonymous_3)
DA:8,0
DA:9,0
DA:14,0
DA:15,0
DA:20,0
DA:21,0
DA:29,0
DA:30,0
LF:8
LH:0
BRF:0
BRH:0
end_of_record
TN:
SF:src/features/auth/components/AuthLeftPanel.jsx
FN:19,(anonymous_0)
FN:27,(anonymous_1)
FN:54,(anonymous_2)
FNF:3
FNH:0
FNDA:0,(anonymous_0)
FNDA:0,(anonymous_1)
FNDA:0,(anonymous_2)
DA:19,0
DA:20,0
DA:27,0
DA:55,0
DA:69,0
LF:5
LH:0
BRDA:19,0,0,0
BRDA:35,1,0,0
BRDA:35,1,1,0
BRDA:52,2,0,0
BRDA:52,2,1,0
BRF:5
BRH:0
end_of_record
TN:
SF:src/features/auth/components/AuthSSOButtons.jsx
FN:4,(anonymous_0)
FN:14,(anonymous_1)
FNF:2
FNH:0
FNDA:0,(anonymous_0)
FNDA:0,(anonymous_1)
DA:4,0
DA:5,0
DA:7,0
DA:14,0
DA:37,0
DA:44,0
LF:6
LH:0
BRDA:5,0,0,0
BRDA:5,0,1,0
BRDA:10,1,0,0
BRDA:10,1,1,0
BRF:4
BRH:0
end_of_record
TN:
SF:src/features/auth/components/AuthUI.jsx
FN:11,(anonymous_0)
FN:35,(anonymous_1)
FN:51,(anonymous_2)
FN:70,(anonymous_3)
FNF:4
FNH:0
FNDA:0,(anonymous_0)
FNDA:0,(anonymous_1)
FNDA:0,(anonymous_2)
FNDA:0,(anonymous_3)
DA:11,0
DA:12,0
DA:14,0
DA:20,0
DA:26,0
DA:35,0
DA:36,0
DA:43,0
DA:51,0
DA:52,0
DA:61,0
DA:70,0
DA:71,0
DA:76,0
LF:14
LH:0
BRDA:12,0,0,0
BRDA:12,0,1,0
BRDA:21,1,0,0
BRDA:21,1,1,0
BRDA:35,2,0,0
BRDA:58,3,0,0
BRDA:58,3,1,0
BRF:7
BRH:0
end_of_record
TN:
SF:src/features/auth/components/LoginForm.jsx
FN:30,(anonymous_0)
FN:36,(anonymous_1)
FN:59,(anonymous_2)
FN:60,(anonymous_3)
FN:63,(anonymous_4)
FN:77,(anonymous_5)
FN:85,(anonymous_6)
FN:86,(anonymous_7)
FN:91,(anonymous_8)
FN:100,(anonymous_9)
FN:120,(anonymous_10)
FN:201,(anonymous_11)
FN:201,(anonymous_12)
FN:220,(anonymous_13)
FN:278,(anonymous_14)
FNF:15
FNH:0
FNDA:0,(anonymous_0)
FNDA:0,(anonymous_1)
FNDA:0,(anonymous_2)
FNDA:0,(anonymous_3)
FNDA:0,(anonymous_4)
FNDA:0,(anonymous_5)
FNDA:0,(anonymous_6)
FNDA:0,(anonymous_7)
FNDA:0,(anonymous_8)
FNDA:0,(anonymous_9)
FNDA:0,(anonymous_10)
FNDA:0,(anonymous_11)
FNDA:0,(anonymous_12)
FNDA:0,(anonymous_13)
FNDA:0,(anonymous_14)
DA:26,0
DA:30,0
DA:31,0
DA:32,0
DA:33,0
DA:36,0
DA:37,0
DA:38,0
DA:39,0
DA:45,0
DA:54,0
DA:55,0
DA:56,0
DA:57,0
DA:59,0
DA:60,0
DA:63,0
DA:64,0
DA:66,0
DA:67,0
DA:69,0
DA:70,0
DA:72,0
DA:73,0
DA:76,0
DA:77,0
DA:80,0
DA:85,0
DA:86,0
DA:91,0
DA:94,0
DA:97,0
DA:100,0
DA:101,0
DA:102,0
DA:103,0
DA:104,0
DA:106,0
DA:108,0
DA:109,0
DA:110,0
DA:111,0
DA:115,0
DA:119,0
DA:121,0
DA:126,0
DA:128,0
DA:130,0
DA:134,0
DA:201,0
DA:220,0
DA:278,0
DA:286,0
LF:53
LH:0
BRDA:26,0,0,0
BRDA:26,0,1,0
BRDA:31,1,0,0
BRDA:31,1,1,0
BRDA:32,2,0,0
BRDA:32,2,1,0
BRDA:66,3,0,0
BRDA:66,3,1,0
BRDA:69,4,0,0
BRDA:69,4,1,0
BRDA:110,5,0,0
BRDA:110,5,1,0
BRDA:110,5,2,0
BRDA:111,6,0,0
BRDA:111,6,1,0
BRDA:112,7,0,0
BRDA:112,7,1,0
BRDA:136,8,0,0
BRDA:136,8,1,0
BRDA:148,9,0,0
BRDA:148,9,1,0
BRDA:148,9,2,0
BRDA:167,10,0,0
BRDA:167,10,1,0
BRDA:168,11,0,0
BRDA:168,11,1,0
BRDA:171,12,0,0
BRDA:171,12,1,0
BRDA:193,13,0,0
BRDA:193,13,1,0
BRDA:195,14,0,0
BRDA:195,14,1,0
BRDA:202,15,0,0
BRDA:202,15,1,0
BRDA:208,16,0,0
BRDA:208,16,1,0
BRDA:230,17,0,0
BRDA:230,17,1,0
BRDA:230,17,2,0
BRDA:233,18,0,0
BRDA:233,18,1,0
BRDA:233,19,0,0
BRDA:233,19,1,0
BRDA:278,20,0,0
BRDA:278,20,1,0
BRF:45
BRH:0
end_of_record
TN:
SF:src/features/auth/components/LoginLeftPanel.jsx
FN:8,(anonymous_0)
FNF:1
FNH:0
FNDA:0,(anonymous_0)
DA:8,0
DA:10,0
LF:2
LH:0
BRF:0
BRH:0
end_of_record
TN:
SF:src/features/auth/components/ProtectedRoute.jsx
FN:15,(anonymous_0)
FN:19,(anonymous_1)
FNF:2
FNH:0
FNDA:0,(anonymous_0)
FNDA:0,(anonymous_1)
DA:15,0
DA:17,0
DA:18,0
DA:19,0
DA:22,0
DA:23,0
DA:25,0
DA:26,0
DA:27,0
DA:28,0
DA:31,0
DA:35,0
DA:36,0
DA:43,0
DA:44,0
DA:47,0
DA:49,0
LF:17
LH:0
BRDA:22,0,0,0
BRDA:22,0,1,0
BRDA:25,1,0,0
BRDA:25,1,1,0
BRDA:27,2,0,0
BRDA:27,2,1,0
BRDA:35,3,0,0
BRDA:35,3,1,0
BRDA:35,4,0,0
BRDA:35,4,1,0
BRDA:43,5,0,0
BRDA:43,5,1,0
BRDA:44,6,0,0
BRDA:44,6,1,0
BRF:14
BRH:0
end_of_record
TN:
SF:src/features/auth/components/RegisterDropdownItem.jsx
FN:7,RegisterDropdownItem
FNF:1
FNH:0
FNDA:0,RegisterDropdownItem
DA:14,0
DA:34,0
LF:2
LH:0
BRF:0
BRH:0
end_of_record
TN:
SF:src/features/auth/components/RegisterForm.jsx
FN:37,(anonymous_0)
FN:44,(anonymous_1)
FN:72,(anonymous_2)
FN:76,(anonymous_3)
FN:77,(anonymous_4)
FN:80,(anonymous_5)
FN:95,(anonymous_6)
FN:101,(anonymous_7)
FN:108,(anonymous_8)
FN:111,(anonymous_9)
FN:119,(anonymous_10)
FN:140,(anonymous_11)
FN:169,(anonymous_12)
FN:245,(anonymous_13)
FN:253,(anonymous_14)
FN:253,(anonymous_15)
FN:263,(anonymous_16)
FN:291,(anonymous_17)
FN:363,(anonymous_18)
FN:363,(anonymous_19)
FN:387,(anonymous_20)
FN:400,(anonymous_21)
FN:408,(anonymous_22)
FN:449,(anonymous_23)
FN:457,(anonymous_24)
FNF:25
FNH:0
FNDA:0,(anonymous_0)
FNDA:0,(anonymous_1)
FNDA:0,(anonymous_2)
FNDA:0,(anonymous_3)
FNDA:0,(anonymous_4)
FNDA:0,(anonymous_5)
FNDA:0,(anonymous_6)
FNDA:0,(anonymous_7)
FNDA:0,(anonymous_8)
FNDA:0,(anonymous_9)
FNDA:0,(anonymous_10)
FNDA:0,(anonymous_11)
FNDA:0,(anonymous_12)
FNDA:0,(anonymous_13)
FNDA:0,(anonymous_14)
FNDA:0,(anonymous_15)
FNDA:0,(anonymous_16)
FNDA:0,(anonymous_17)
FNDA:0,(anonymous_18)
FNDA:0,(anonymous_19)
FNDA:0,(anonymous_20)
FNDA:0,(anonymous_21)
FNDA:0,(anonymous_22)
FNDA:0,(anonymous_23)
FNDA:0,(anonymous_24)
DA:35,0
DA:37,0
DA:38,0
DA:39,0
DA:41,0
DA:42,0
DA:44,0
DA:51,0
DA:62,0
DA:64,0
DA:65,0
DA:66,0
DA:67,0
DA:68,0
DA:69,0
DA:70,0
DA:72,0
DA:73,0
DA:76,0
DA:77,0
DA:80,0
DA:81,0
DA:85,0
DA:89,0
DA:96,0
DA:100,0
DA:102,0
DA:108,0
DA:111,0
DA:112,0
DA:113,0
DA:114,0
DA:115,0
DA:119,0
DA:120,0
DA:121,0
DA:125,0
DA:127,0
DA:128,0
DA:132,0
DA:133,0
DA:135,0
DA:136,0
DA:137,0
DA:140,0
DA:141,0
DA:143,0
DA:144,0
DA:149,0
DA:159,0
DA:160,0
DA:161,0
DA:162,0
DA:167,0
DA:168,0
DA:170,0
DA:178,0
DA:245,0
DA:253,0
DA:264,0
DA:265,0
DA:266,0
DA:292,0
DA:293,0
DA:363,0
DA:388,0
DA:389,0
DA:400,0
DA:408,0
DA:449,0
DA:457,0
DA:465,0
LF:72
LH:0
BRDA:35,0,0,0
BRDA:35,0,1,0
BRDA:73,1,0,0
BRDA:73,1,1,0
BRDA:81,2,0,0
BRDA:81,2,1,0
BRDA:82,3,0,0
BRDA:82,3,1,0
BRDA:103,4,0,0
BRDA:103,4,1,0
BRDA:120,5,0,0
BRDA:120,5,1,0
BRDA:127,6,0,0
BRDA:127,6,1,0
BRDA:143,7,0,0
BRDA:143,7,1,0
BRDA:159,8,0,0
BRDA:159,8,1,0
BRDA:161,9,0,0
BRDA:161,9,1,0
BRDA:180,10,0,0
BRDA:180,10,1,0
BRDA:183,11,0,0
BRDA:183,11,1,0
BRDA:186,12,0,0
BRDA:186,12,1,0
BRDA:191,13,0,0
BRDA:191,13,1,0
BRDA:201,14,0,0
BRDA:201,14,1,0
BRDA:204,15,0,0
BRDA:204,15,1,0
BRDA:216,16,0,0
BRDA:216,16,1,0
BRDA:219,17,0,0
BRDA:219,17,1,0
BRDA:242,18,0,0
BRDA:242,18,1,0
BRDA:244,19,0,0
BRDA:244,19,1,0
BRDA:252,20,0,0
BRDA:252,20,1,0
BRDA:260,21,0,0
BRDA:260,21,1,0
BRDA:260,21,2,0
BRDA:260,21,3,0
BRDA:304,22,0,0
BRDA:304,22,1,0
BRDA:308,23,0,0
BRDA:308,23,1,0
BRDA:313,24,0,0
BRDA:313,24,1,0
BRDA:314,25,0,0
BRDA:314,25,1,0
BRDA:323,26,0,0
BRDA:323,26,1,0
BRDA:349,27,0,0
BRDA:349,27,1,0
BRDA:352,28,0,0
BRDA:352,28,1,0
BRDA:361,29,0,0
BRDA:361,29,1,0
BRDA:369,30,0,0
BRDA:369,30,1,0
BRDA:419,31,0,0
BRDA:419,31,1,0
BRDA:419,31,2,0
BRDA:419,31,3,0
BRDA:422,32,0,0
BRDA:422,32,1,0
BRDA:422,33,0,0
BRDA:422,33,1,0
BRF:72
BRH:0
end_of_record
TN:
SF:src/features/auth/hooks/useGoogleAuth.js
FN:26,(anonymous_0)
FN:38,(anonymous_1)
FN:50,(anonymous_2)
FN:57,(anonymous_3)
FN:63,(anonymous_4)
FN:143,(anonymous_5)
FNF:6
FNH:0
FNDA:0,(anonymous_0)
FNDA:0,(anonymous_1)
FNDA:0,(anonymous_2)
FNDA:0,(anonymous_3)
FNDA:0,(anonymous_4)
FNDA:0,(anonymous_5)
DA:10,0
DA:12,0
DA:26,0
DA:36,0
DA:38,0
DA:39,0
DA:42,0
DA:43,0
DA:44,0
DA:45,0
DA:46,0
DA:47,0
DA:48,0
DA:50,0
DA:51,0
DA:52,0
DA:53,0
DA:54,0
DA:57,0
DA:58,0
DA:60,0
DA:61,0
DA:64,0
DA:66,0
DA:67,0
DA:68,0
DA:71,0
DA:72,0
DA:73,0
DA:75,0
DA:81,0
DA:82,0
DA:85,0
DA:87,0
DA:88,0
DA:89,0
DA:90,0
DA:93,0
DA:94,0
DA:98,0
DA:105,0
DA:108,0
DA:112,0
DA:113,0
DA:115,0
DA:119,0
DA:122,0
DA:123,0
DA:131,0
DA:132,0
DA:133,0
DA:135,0
DA:138,0
DA:141,0
DA:142,0
DA:143,0
LF:56
LH:0
BRDA:51,0,0,0
BRDA:51,0,1,0
BRDA:58,1,0,0
BRDA:58,1,1,0
BRDA:60,2,0,0
BRDA:60,2,1,0
BRDA:64,3,0,0
BRDA:64,3,1,0
BRDA:66,4,0,0
BRDA:66,4,1,0
BRDA:82,5,0,0
BRDA:82,5,1,0
BRDA:87,6,0,0
BRDA:87,6,1,0
BRDA:89,7,0,0
BRDA:89,7,1,0
BRDA:93,8,0,0
BRDA:93,8,1,0
BRDA:101,9,0,0
BRDA:101,9,1,0
BRDA:108,10,0,0
BRDA:108,10,1,0
BRDA:108,10,2,0
BRDA:108,10,3,0
BRDA:131,11,0,0
BRDA:131,11,1,0
BRDA:132,12,0,0
BRDA:132,12,1,0
BRDA:141,13,0,0
BRDA:141,13,1,0
BRF:30
BRH:0
end_of_record
TN:
SF:src/features/auth/pages/ForgotPassword.jsx
FN:30,(anonymous_0)
FN:33,(anonymous_1)
FN:45,(anonymous_2)
FN:55,(anonymous_3)
FN:60,(anonymous_4)
FN:75,(anonymous_5)
FN:77,(anonymous_6)
FN:78,(anonymous_7)
FN:81,(anonymous_8)
FN:103,(anonymous_9)
FN:124,(anonymous_10)
FN:170,(anonymous_11)
FN:214,(anonymous_12)
FN:244,(anonymous_13)
FN:252,(anonymous_14)
FN:253,(anonymous_15)
FN:277,(anonymous_16)
FN:279,(anonymous_17)
FN:304,(anonymous_18)
FN:308,(anonymous_19)
FN:315,(anonymous_20)
FN:315,(anonymous_21)
FN:326,(anonymous_22)
FN:355,(anonymous_23)
FN:409,(anonymous_24)
FN:416,(anonymous_25)
FN:416,(anonymous_26)
FN:449,(anonymous_27)
FNF:28
FNH:0
FNDA:0,(anonymous_0)
FNDA:0,(anonymous_1)
FNDA:0,(anonymous_2)
FNDA:0,(anonymous_3)
FNDA:0,(anonymous_4)
FNDA:0,(anonymous_5)
FNDA:0,(anonymous_6)
FNDA:0,(anonymous_7)
FNDA:0,(anonymous_8)
FNDA:0,(anonymous_9)
FNDA:0,(anonymous_10)
FNDA:0,(anonymous_11)
FNDA:0,(anonymous_12)
FNDA:0,(anonymous_13)
FNDA:0,(anonymous_14)
FNDA:0,(anonymous_15)
FNDA:0,(anonymous_16)
FNDA:0,(anonymous_17)
FNDA:0,(anonymous_18)
FNDA:0,(anonymous_19)
FNDA:0,(anonymous_20)
FNDA:0,(anonymous_21)
FNDA:0,(anonymous_22)
FNDA:0,(anonymous_23)
FNDA:0,(anonymous_24)
FNDA:0,(anonymous_25)
FNDA:0,(anonymous_26)
FNDA:0,(anonymous_27)
DA:30,0
DA:31,0
DA:32,0
DA:33,0
DA:37,0
DA:39,0
DA:40,0
DA:41,0
DA:44,0
DA:45,0
DA:47,0
DA:48,0
DA:49,0
DA:50,0
DA:51,0
DA:52,0
DA:53,0
DA:55,0
DA:56,0
DA:60,0
DA:61,0
DA:62,0
DA:63,0
DA:64,0
DA:65,0
DA:66,0
DA:67,0
DA:68,0
DA:70,0
DA:75,0
DA:77,0
DA:78,0
DA:81,0
DA:82,0
DA:83,0
DA:84,0
DA:85,0
DA:90,0
DA:91,0
DA:92,0
DA:93,0
DA:94,0
DA:95,0
DA:96,0
DA:98,0
DA:103,0
DA:104,0
DA:105,0
DA:106,0
DA:107,0
DA:108,0
DA:113,0
DA:114,0
DA:116,0
DA:117,0
DA:118,0
DA:121,0
DA:122,0
DA:123,0
DA:124,0
DA:126,0
DA:134,0
DA:149,0
DA:171,0
DA:214,0
DA:245,0
DA:252,0
DA:253,0
DA:278,0
DA:279,0
DA:305,0
DA:306,0
DA:308,0
DA:315,0
DA:327,0
DA:328,0
DA:329,0
DA:356,0
DA:409,0
DA:416,0
DA:449,0
LF:81
LH:0
BRDA:65,0,0,0
BRDA:65,0,1,0
BRDA:70,1,0,0
BRDA:70,1,1,0
BRDA:84,2,0,0
BRDA:84,2,1,0
BRDA:93,3,0,0
BRDA:93,3,1,0
BRDA:98,4,0,0
BRDA:98,4,1,0
BRDA:106,5,0,0
BRDA:106,5,1,0
BRDA:113,6,0,0
BRDA:113,6,1,0
BRDA:121,7,0,0
BRDA:121,7,1,0
BRDA:128,8,0,0
BRDA:128,8,1,0
BRDA:151,9,0,0
BRDA:151,9,1,0
BRDA:188,10,0,0
BRDA:188,10,1,0
BRDA:191,11,0,0
BRDA:191,11,1,0
BRDA:201,12,0,0
BRDA:201,12,1,0
BRDA:225,13,0,0
BRDA:225,13,1,0
BRDA:238,14,0,0
BRDA:238,14,1,0
BRDA:263,15,0,0
BRDA:263,15,1,0
BRDA:289,16,0,0
BRDA:289,16,1,0
BRDA:302,17,0,0
BRDA:302,17,1,0
BRDA:324,18,0,0
BRDA:324,18,1,0
BRDA:324,18,2,0
BRDA:366,19,0,0
BRDA:366,19,1,0
BRDA:372,20,0,0
BRDA:372,20,1,0
BRDA:377,21,0,0
BRDA:377,21,1,0
BRDA:380,22,0,0
BRDA:380,22,1,0
BRDA:407,23,0,0
BRDA:407,23,1,0
BRDA:430,24,0,0
BRDA:430,24,1,0
BRF:51
BRH:0
end_of_record
TN:
SF:src/features/auth/pages/LoginMentee.jsx
FN:9,(anonymous_0)
FNF:1
FNH:0
FNDA:0,(anonymous_0)
DA:9,0
DA:10,0
LF:2
LH:0
BRF:0
BRH:0
end_of_record
TN:
SF:src/features/auth/pages/LoginMentor.jsx
FN:9,(anonymous_0)
FNF:1
FNH:0
FNDA:0,(anonymous_0)
DA:9,0
DA:10,0
LF:2
LH:0
BRF:0
BRH:0
end_of_record
TN:
SF:src/features/auth/pages/Register.jsx
FN:38,(anonymous_0)
FN:64,(anonymous_1)
FN:75,(anonymous_2)
FNF:3
FNH:0
FNDA:0,(anonymous_0)
FNDA:0,(anonymous_1)
FNDA:0,(anonymous_2)
DA:12,0
DA:25,0
DA:38,0
DA:39,0
DA:40,0
DA:42,0
DA:64,0
DA:75,0
LF:8
LH:0
BRDA:40,0,0,0
BRDA:40,0,1,0
BRDA:66,1,0,0
BRDA:66,1,1,0
BRDA:77,2,0,0
BRDA:77,2,1,0
BRF:6
BRH:0
end_of_record
TN:
SF:src/features/auth/pages/RegisterMentee.jsx
FN:15,(anonymous_0)
FNF:1
FNH:0
FNDA:0,(anonymous_0)
DA:9,0
DA:15,0
DA:16,0
LF:3
LH:0
BRF:0
BRH:0
end_of_record
TN:
SF:src/features/auth/pages/RegisterMentor.jsx
FN:15,(anonymous_0)
FNF:1
FNH:0
FNDA:0,(anonymous_0)
DA:9,0
DA:15,0
DA:16,0
LF:3
LH:0
BRF:0
BRH:0
end_of_record
TN:
SF:src/features/auth/pages/SSOCallback.jsx
FN:14,(anonymous_0)
FN:19,(anonymous_1)
FN:50,(anonymous_2)
FN:83,(anonymous_3)
FNF:4
FNH:0
FNDA:0,(anonymous_0)
FNDA:0,(anonymous_1)
FNDA:0,(anonymous_2)
FNDA:0,(anonymous_3)
DA:14,0
DA:15,0
DA:16,0
DA:17,0
DA:19,0
DA:20,0
DA:21,0
DA:25,0
DA:26,0
DA:28,0
DA:30,0
DA:31,0
DA:32,0
DA:36,0
DA:37,0
DA:39,0
DA:40,0
DA:41,0
DA:42,0
DA:43,0
DA:44,0
DA:45,0
DA:50,0
DA:51,0
DA:52,0
DA:54,0
DA:56,0
DA:57,0
DA:59,0
DA:60,0
DA:62,0
DA:67,0
DA:68,0
DA:69,0
DA:73,0
DA:76,0
DA:77,0
DA:83,0
DA:92,0
LF:39
LH:0
BRDA:30,0,0,0
BRDA:30,0,1,0
BRDA:30,1,0,0
BRDA:30,1,1,0
BRDA:36,2,0,0
BRDA:36,2,1,0
BRDA:44,3,0,0
BRDA:44,3,1,0
BRDA:45,4,0,0
BRDA:45,4,1,0
BRDA:52,5,0,0
BRDA:52,5,1,0
BRDA:57,6,0,0
BRDA:57,6,1,0
BRDA:59,7,0,0
BRDA:59,7,1,0
BRDA:63,8,0,0
BRDA:63,8,1,0
BRDA:68,9,0,0
BRDA:68,9,1,0
BRDA:68,9,2,0
BRDA:76,10,0,0
BRDA:76,10,1,0
BRF:23
BRH:0
end_of_record
TN:
SF:src/features/auth/pages/VerifyEmail.jsx
FN:25,(anonymous_0)
FN:32,(anonymous_1)
FN:47,(anonymous_2)
FN:51,(anonymous_3)
FN:57,(anonymous_4)
FN:67,(anonymous_5)
FN:70,(anonymous_6)
FN:82,(anonymous_7)
FN:98,(anonymous_8)
FN:107,(anonymous_9)
FN:109,(anonymous_10)
FN:111,(anonymous_11)
FN:115,(anonymous_12)
FN:132,(anonymous_13)
FN:158,(anonymous_14)
FN:242,(anonymous_15)
FN:258,(anonymous_16)
FN:266,(anonymous_17)
FN:267,(anonymous_18)
FN:309,(anonymous_19)
FNF:20
FNH:0
FNDA:0,(anonymous_0)
FNDA:0,(anonymous_1)
FNDA:0,(anonymous_2)
FNDA:0,(anonymous_3)
FNDA:0,(anonymous_4)
FNDA:0,(anonymous_5)
FNDA:0,(anonymous_6)
FNDA:0,(anonymous_7)
FNDA:0,(anonymous_8)
FNDA:0,(anonymous_9)
FNDA:0,(anonymous_10)
FNDA:0,(anonymous_11)
FNDA:0,(anonymous_12)
FNDA:0,(anonymous_13)
FNDA:0,(anonymous_14)
FNDA:0,(anonymous_15)
FNDA:0,(anonymous_16)
FNDA:0,(anonymous_17)
FNDA:0,(anonymous_18)
FNDA:0,(anonymous_19)
DA:23,0
DA:25,0
DA:26,0
DA:27,0
DA:28,0
DA:29,0
DA:31,0
DA:32,0
DA:35,0
DA:36,0
DA:37,0
DA:38,0
DA:40,0
DA:42,0
DA:43,0
DA:44,0
DA:47,0
DA:51,0
DA:52,0
DA:57,0
DA:58,0
DA:59,0
DA:61,0
DA:62,0
DA:63,0
DA:64,0
DA:65,0
DA:67,0
DA:68,0
DA:69,0
DA:70,0
DA:72,0
DA:82,0
DA:83,0
DA:84,0
DA:85,0
DA:86,0
DA:87,0
DA:89,0
DA:90,0
DA:91,0
DA:93,0
DA:98,0
DA:99,0
DA:100,0
DA:101,0
DA:102,0
DA:107,0
DA:109,0
DA:111,0
DA:115,0
DA:116,0
DA:117,0
DA:118,0
DA:120,0
DA:121,0
DA:122,0
DA:126,0
DA:129,0
DA:130,0
DA:131,0
DA:132,0
DA:134,0
DA:141,0
DA:143,0
DA:159,0
DA:242,0
DA:259,0
DA:266,0
DA:267,0
DA:309,0
LF:71
LH:0
BRDA:35,0,0,0
BRDA:35,0,1,0
BRDA:47,1,0,0
BRDA:47,1,1,0
BRDA:52,2,0,0
BRDA:52,2,1,0
BRDA:61,3,0,0
BRDA:61,3,1,0
BRDA:61,4,0,0
BRDA:61,4,1,0
BRDA:61,4,2,0
BRDA:68,5,0,0
BRDA:68,5,1,0
BRDA:74,6,0,0
BRDA:74,6,1,0
BRDA:85,7,0,0
BRDA:85,7,1,0
BRDA:90,8,0,0
BRDA:90,8,1,0
BRDA:93,9,0,0
BRDA:93,9,1,0
BRDA:100,10,0,0
BRDA:100,10,1,0
BRDA:100,11,0,0
BRDA:100,11,1,0
BRDA:100,11,2,0
BRDA:121,12,0,0
BRDA:121,12,1,0
BRDA:121,13,0,0
BRDA:121,13,1,0
BRDA:130,14,0,0
BRDA:130,14,1,0
BRDA:136,15,0,0
BRDA:136,15,1,0
BRDA:141,16,0,0
BRDA:141,16,1,0
BRDA:145,17,0,0
BRDA:145,17,1,0
BRDA:193,18,0,0
BRDA:193,18,1,0
BRDA:199,19,0,0
BRDA:199,19,1,0
BRDA:206,20,0,0
BRDA:206,20,1,0
BRDA:206,20,2,0
BRDA:217,21,0,0
BRDA:217,21,1,0
BRDA:217,21,2,0
BRDA:228,22,0,0
BRDA:228,22,1,0
BRDA:230,23,0,0
BRDA:230,23,1,0
BRDA:230,23,2,0
BRDA:269,24,0,0
BRDA:269,24,1,0
BRDA:281,25,0,0
BRDA:281,25,1,0
BRDA:297,26,0,0
BRDA:297,26,1,0
BRDA:305,27,0,0
BRDA:305,27,1,0
BRF:61
BRH:0
end_of_record
TN:
SF:src/features/auth/store/authSlice.js
FN:10,(anonymous_0)
FN:28,(anonymous_1)
FN:47,(anonymous_2)
FN:64,(anonymous_3)
FN:81,(anonymous_4)
FN:101,(anonymous_5)
FN:120,(anonymous_6)
FN:137,(anonymous_7)
FN:157,(anonymous_8)
FN:189,logout
FN:202,setUser
FN:211,clearMessages
FN:216,(anonymous_12)
FN:219,(anonymous_13)
FN:224,(anonymous_14)
FN:230,(anonymous_15)
FN:237,(anonymous_16)
FN:242,(anonymous_17)
FN:248,(anonymous_18)
FN:255,(anonymous_19)
FN:260,(anonymous_20)
FN:264,(anonymous_21)
FN:271,(anonymous_22)
FN:276,(anonymous_23)
FN:280,(anonymous_24)
FN:287,(anonymous_25)
FN:292,(anonymous_26)
FN:297,(anonymous_27)
FN:304,(anonymous_28)
FN:309,(anonymous_29)
FN:313,(anonymous_30)
FN:320,(anonymous_31)
FN:325,(anonymous_32)
FN:329,(anonymous_33)
FN:336,(anonymous_34)
FN:341,(anonymous_35)
FN:345,(anonymous_36)
FN:352,(anonymous_37)
FN:355,(anonymous_38)
FNF:39
FNH:31
FNDA:6,(anonymous_0)
FNDA:0,(anonymous_1)
FNDA:0,(anonymous_2)
FNDA:0,(anonymous_3)
FNDA:0,(anonymous_4)
FNDA:0,(anonymous_5)
FNDA:0,(anonymous_6)
FNDA:0,(anonymous_7)
FNDA:0,(anonymous_8)
FNDA:1,logout
FNDA:3,setUser
FNDA:2,clearMessages
FNDA:2,(anonymous_12)
FNDA:1,(anonymous_13)
FNDA:2,(anonymous_14)
FNDA:1,(anonymous_15)
FNDA:1,(anonymous_16)
FNDA:1,(anonymous_17)
FNDA:1,(anonymous_18)
FNDA:1,(anonymous_19)
FNDA:1,(anonymous_20)
FNDA:1,(anonymous_21)
FNDA:1,(anonymous_22)
FNDA:1,(anonymous_23)
FNDA:1,(anonymous_24)
FNDA:1,(anonymous_25)
FNDA:2,(anonymous_26)
FNDA:1,(anonymous_27)
FNDA:1,(anonymous_28)
FNDA:1,(anonymous_29)
FNDA:1,(anonymous_30)
FNDA:1,(anonymous_31)
FNDA:1,(anonymous_32)
FNDA:1,(anonymous_33)
FNDA:1,(anonymous_34)
FNDA:1,(anonymous_35)
FNDA:1,(anonymous_36)
FNDA:4,(anonymous_37)
FNDA:4,(anonymous_38)
DA:10,3
DA:11,6
DA:12,5
DA:13,3
DA:15,2
DA:16,1
DA:26,3
DA:29,0
DA:30,0
DA:33,0
DA:35,0
DA:45,3
DA:48,0
DA:49,0
DA:50,0
DA:52,0
DA:62,3
DA:65,0
DA:66,0
DA:67,0
DA:69,0
DA:79,3
DA:82,0
DA:83,0
DA:87,0
DA:89,0
DA:99,3
DA:102,0
DA:103,0
DA:106,0
DA:108,0
DA:118,3
DA:121,0
DA:122,0
DA:123,0
DA:125,0
DA:135,3
DA:138,0
DA:139,0
DA:143,0
DA:145,0
DA:155,3
DA:158,0
DA:159,0
DA:164,0
DA:166,0
DA:172,3
DA:190,1
DA:191,1
DA:192,1
DA:193,1
DA:203,3
DA:204,3
DA:212,2
DA:213,2
DA:218,2
DA:220,1
DA:221,1
DA:222,1
DA:225,2
DA:226,2
DA:227,2
DA:228,2
DA:231,1
DA:232,1
DA:236,2
DA:238,1
DA:239,1
DA:240,1
DA:243,1
DA:244,1
DA:245,1
DA:246,1
DA:249,1
DA:250,1
DA:254,2
DA:256,1
DA:257,1
DA:258,1
DA:261,1
DA:262,1
DA:265,1
DA:266,1
DA:270,2
DA:272,1
DA:273,1
DA:274,1
DA:277,1
DA:278,1
DA:281,1
DA:282,1
DA:286,2
DA:288,1
DA:289,1
DA:290,1
DA:293,2
DA:294,2
DA:295,2
DA:298,1
DA:299,1
DA:303,2
DA:305,1
DA:306,1
DA:307,1
DA:310,1
DA:311,1
DA:314,1
DA:315,1
DA:319,2
DA:321,1
DA:322,1
DA:323,1
DA:326,1
DA:327,1
DA:330,1
DA:331,1
DA:335,2
DA:337,1
DA:338,1
DA:339,1
DA:342,1
DA:343,1
DA:346,1
DA:347,1
DA:352,3
DA:353,4
DA:355,4
DA:357,3
LF:128
LH:96
BRDA:11,0,0,1
BRDA:11,0,1,5
BRDA:11,1,0,6
BRDA:11,1,1,1
BRDA:12,2,0,2
BRDA:12,2,1,3
BRDA:12,3,0,5
BRDA:12,3,1,2
BRDA:13,4,0,1
BRDA:13,4,1,2
BRDA:15,5,0,1
BRDA:15,5,1,1
BRDA:35,6,0,0
BRDA:35,6,1,0
BRDA:35,6,2,0
BRDA:52,7,0,0
BRDA:52,7,1,0
BRDA:52,7,2,0
BRDA:69,8,0,0
BRDA:69,8,1,0
BRDA:69,8,2,0
BRDA:89,9,0,0
BRDA:89,9,1,0
BRDA:89,9,2,0
BRDA:108,10,0,0
BRDA:108,10,1,0
BRDA:108,10,2,0
BRDA:125,11,0,0
BRDA:125,11,1,0
BRDA:125,11,2,0
BRDA:145,12,0,0
BRDA:145,12,1,0
BRDA:145,12,2,0
BRDA:166,13,0,0
BRDA:166,13,1,0
BRDA:166,13,2,0
BRDA:203,14,0,2
BRDA:203,14,1,1
BRDA:226,15,0,2
BRDA:226,15,1,0
BRDA:227,16,0,1
BRDA:227,16,1,1
BRDA:244,17,0,1
BRDA:244,17,1,0
BRDA:245,18,0,1
BRDA:245,18,1,0
BRDA:295,19,0,2
BRDA:295,19,1,1
BRDA:353,20,0,4
BRDA:353,20,1,2
BRF:50
BRH:23
end_of_record
TN:
SF:src/features/auth/utils/forgotPassword.utils.js
FN:17,(anonymous_0)
FN:21,(anonymous_1)
FN:28,(anonymous_2)
FNF:3
FNH:3
FNDA:2,(anonymous_0)
FNDA:3,(anonymous_1)
FNDA:6,(anonymous_2)
DA:14,1
DA:17,1
DA:18,2
DA:21,1
DA:22,3
DA:28,1
DA:29,6
DA:30,4
DA:31,2
LF:9
LH:9
BRDA:29,0,0,2
BRDA:29,0,1,4
BRDA:30,1,0,2
BRDA:30,1,1,2
BRF:4
BRH:4
end_of_record
TN:
SF:src/features/connects/api/escrow.api.js
FN:13,(anonymous_0)
[...]
FN:226,(anonymous_23)
FN:245,(anonymous_24)
FN:294,(anonymous_25)
FN:295,(anonymous_26)
FN:318,(anonymous_27)
FN:321,(anonymous_28)
FN:401,(anonymous_29)
FN:451,(anonymous_30)
FN:454,(anonymous_31)
FN:467,(anonymous_32)
FN:470,(anonymous_33)
FN:480,(anonymous_34)
FN:562,(anonymous_35)
FN:563,(anonymous_36)
FN:581,(anonymous_37)
FN:582,(anonymous_38)
FN:602,(anonymous_39)
FN:603,(anonymous_40)
FN:631,(anonymous_41)
FN:695,(anonymous_42)
FN:701,(anonymous_43)
FN:722,(anonymous_44)
FNF:45
FNH:0
FNDA:0,buildSystemPrompt
FNDA:0,(anonymous_1)
FNDA:0,(anonymous_2)
FNDA:0,TypingDots
FNDA:0,(anonymous_4)
FNDA:0,LeapBuddy
FNDA:0,(anonymous_6)
FNDA:0,(anonymous_7)
FNDA:0,(anonymous_8)
FNDA:0,(anonymous_9)
FNDA:0,(anonymous_10)
FNDA:0,(anonymous_11)
FNDA:0,(anonymous_12)
FNDA:0,(anonymous_13)
FNDA:0,(anonymous_14)
FNDA:0,(anonymous_15)
FNDA:0,(anonymous_16)
FNDA:0,(anonymous_17)
FNDA:0,(anonymous_18)
FNDA:0,(anonymous_19)
FNDA:0,(anonymous_20)
FNDA:0,(anonymous_21)
FNDA:0,(anonymous_22)
FNDA:0,(anonymous_23)
FNDA:0,(anonymous_24)
FNDA:0,(anonymous_25)
FNDA:0,(anonymous_26)
FNDA:0,(anonymous_27)
FNDA:0,(anonymous_28)
FNDA:0,(anonymous_29)
FNDA:0,(anonymous_30)
FNDA:0,(anonymous_31)
FNDA:0,(anonymous_32)
FNDA:0,(anonymous_33)
FNDA:0,(anonymous_34)
FNDA:0,(anonymous_35)
FNDA:0,(anonymous_36)
FNDA:0,(anonymous_37)
FNDA:0,(anonymous_38)
FNDA:0,(anonymous_39)
FNDA:0,(anonymous_40)
FNDA:0,(anonymous_41)
FNDA:0,(anonymous_42)
FNDA:0,(anonymous_43)
FNDA:0,(anonymous_44)
DA:17,0
DA:18,0
DA:19,0
DA:26,0
DA:27,0
DA:28,0
DA:29,0
DA:33,0
DA:34,0
DA:35,0
DA:36,0
DA:37,0
DA:38,0
DA:39,0
DA:40,0
DA:41,0
DA:44,0
DA:45,0
DA:46,0
DA:47,0
DA:50,0
DA:54,0
DA:80,0
DA:90,0
DA:121,0
DA:130,0
DA:132,0
DA:133,0
DA:134,0
DA:142,0
DA:143,0
DA:144,0
DA:145,0
DA:146,0
DA:148,0
DA:151,0
DA:152,0
DA:153,0
DA:157,0
DA:158,0
DA:159,0
DA:160,0
DA:163,0
DA:164,0
DA:167,0
DA:168,0
DA:169,0
DA:170,0
DA:171,0
DA:172,0
DA:173,0
DA:174,0
DA:176,0
DA:177,0
DA:182,0
DA:183,0
DA:184,0
DA:185,0
DA:187,0
DA:191,0
DA:193,0
DA:194,0
DA:202,0
DA:205,0
DA:214,0
DA:218,0
DA:219,0
DA:220,0
DA:221,0
DA:222,0
DA:223,0
DA:224,0
DA:226,0
DA:231,0
DA:239,0
DA:246,0
DA:247,0
DA:295,0
DA:296,0
DA:319,0
DA:322,0
DA:402,0
DA:410,0
DA:411,0
DA:412,0
DA:452,0
DA:454,0
DA:468,0
DA:471,0
DA:481,0
DA:482,0
DA:483,0
DA:484,0
DA:563,0
DA:582,0
DA:603,0
DA:631,0
DA:696,0
DA:697,0
DA:698,0
DA:702,0
DA:703,0
DA:704,0
DA:722,0
DA:748,0
LF:105
LH:0
BRDA:26,0,0,0
BRDA:26,0,1,0
BRDA:34,1,0,0
BRDA:34,1,1,0
BRDA:36,2,0,0
BRDA:36,2,1,0
BRDA:38,3,0,0
BRDA:38,3,1,0
BRDA:40,4,0,0
BRDA:40,4,1,0
BRDA:44,5,0,0
BRDA:44,5,1,0
BRDA:46,6,0,0
BRDA:46,6,1,0
BRDA:50,7,0,0
BRDA:50,7,1,0
BRDA:116,8,0,0
BRDA:117,9,0,0
BRDA:118,10,0,0
BRDA:122,11,0,0
BRDA:122,11,1,0
BRDA:123,12,0,0
BRDA:123,12,1,0
BRDA:124,13,0,0
BRDA:124,13,1,0
BRDA:125,14,0,0
BRDA:125,14,1,0
BRDA:126,15,0,0
BRDA:126,15,1,0
BRDA:127,16,0,0
BRDA:127,16,1,0
BRDA:130,17,0,0
BRDA:130,17,1,0
BRDA:137,18,0,0
BRDA:137,18,1,0
BRDA:158,19,0,0
BRDA:158,19,1,0
BRDA:168,20,0,0
BRDA:168,20,1,0
BRDA:168,21,0,0
BRDA:168,21,1,0
BRDA:182,22,0,0
BRDA:182,22,1,0
BRDA:193,23,0,0
BRDA:193,23,1,0
BRDA:197,24,0,0
BRDA:197,24,1,0
BRDA:220,25,0,0
BRDA:220,25,1,0
BRDA:220,26,0,0
BRDA:220,26,1,0
BRDA:220,26,2,0
BRDA:231,27,0,0
BRDA:231,27,1,0
BRDA:242,28,0,0
BRDA:242,28,1,0
BRDA:242,28,2,0
BRDA:273,29,0,0
BRDA:273,29,1,0
BRDA:315,30,0,0
BRDA:315,30,1,0
BRDA:325,31,0,0
BRDA:325,31,1,0
BRDA:329,32,0,0
BRDA:329,32,1,0
BRDA:405,33,0,0
BRDA:405,33,1,0
BRDA:442,34,0,0
BRDA:442,34,1,0
BRDA:483,35,0,0
BRDA:483,35,1,0
BRDA:490,36,0,0
BRDA:490,36,1,0
BRDA:498,37,0,0
BRDA:498,37,1,0
BRDA:501,38,0,0
BRDA:501,38,1,0
BRDA:502,39,0,0
BRDA:502,39,1,0
BRDA:505,40,0,0
BRDA:505,40,1,0
BRDA:513,41,0,0
BRDA:513,41,1,0
BRDA:513,41,2,0
BRDA:526,42,0,0
BRDA:526,42,1,0
BRDA:561,43,0,0
BRDA:561,43,1,0
BRDA:580,44,0,0
BRDA:580,44,1,0
BRDA:601,45,0,0
BRDA:601,45,1,0
BRDA:619,46,0,0
BRDA:619,46,1,0
BRDA:637,47,0,0
BRDA:637,47,1,0
BRDA:643,48,0,0
BRDA:643,48,1,0
BRDA:650,49,0,0
BRDA:650,49,1,0
BRDA:663,50,0,0
BRDA:663,50,1,0
BRDA:702,51,0,0
BRDA:702,51,1,0
BRDA:702,52,0,0
BRDA:702,52,1,0
BRDA:723,53,0,0
BRDA:723,53,1,0
BRDA:729,54,0,0
BRDA:729,54,1,0
BRDA:729,55,0,0
BRDA:729,55,1,0
BRDA:731,56,0,0
BRDA:731,56,1,0
BRDA:731,57,0,0
BRDA:731,57,1,0
BRDA:733,58,0,0
BRDA:733,58,1,0
BRDA:733,59,0,0
BRDA:733,59,1,0
BRF:120
BRH:0
end_of_record
TN:
SF:src/features/support/data/faqs.js
FN:10,(anonymous_0)
FN:11,(anonymous_1)
FN:13,(anonymous_2)
FNF:3
FNH:3
FNDA:2,(anonymous_0)
FNDA:8,(anonymous_1)
FNDA:22,(anonymous_2)
DA:10,1
DA:11,8
DA:13,22
DA:18,1
DA:85,1
DA:89,1
DA:156,1
LF:7
LH:7
BRF:0
BRH:0
end_of_record
TN:
SF:src/lib/adminAxiosInstance.js
FN:21,(anonymous_0)
FN:34,(anonymous_1)
FN:49,(anonymous_2)
FN:50,(anonymous_3)
FN:57,(anonymous_4)
FN:63,(anonymous_5)
FN:69,(anonymous_6)
FN:88,(anonymous_7)
FN:97,(anonymous_8)
FN:99,(anonymous_9)
FN:165,(anonymous_10)
FN:185,(anonymous_11)
FNF:12
FNH:0
FNDA:0,(anonymous_0)
FNDA:0,(anonymous_1)
FNDA:0,(anonymous_2)
FNDA:0,(anonymous_3)
FNDA:0,(anonymous_4)
FNDA:0,(anonymous_5)
FNDA:0,(anonymous_6)
FNDA:0,(anonymous_7)
FNDA:0,(anonymous_8)
FNDA:0,(anonymous_9)
FNDA:0,(anonymous_10)
FNDA:0,(anonymous_11)
DA:13,0
DA:20,0
DA:22,0
DA:23,0
DA:24,0
DA:26,0
DA:32,0
DA:35,0
DA:38,0
DA:46,0
DA:47,0
DA:49,0
DA:50,0
DA:51,0
DA:52,0
DA:54,0
DA:57,0
DA:58,0
DA:59,0
DA:63,0
DA:64,0
DA:69,0
DA:70,0
DA:71,0
DA:80,0
DA:85,0
DA:88,0
DA:89,0
DA:91,0
DA:92,0
DA:95,0
DA:96,0
DA:97,0
DA:98,0
DA:99,0
DA:102,0
DA:103,0
DA:105,0
DA:106,0
DA:110,0
DA:111,0
DA:113,0
DA:115,0
DA:121,0
DA:122,0
DA:124,0
DA:128,0
DA:129,0
DA:136,0
DA:137,0
DA:140,0
DA:141,0
DA:147,0
DA:150,0
DA:151,0
DA:154,0
DA:161,0
DA:164,0
DA:166,0
DA:171,0
DA:174,0
DA:175,0
DA:182,0
DA:186,0
DA:187,0
DA:188,0
DA:189,0
DA:190,0
DA:191,0
DA:193,0
LF:70
LH:0
BRDA:14,0,0,0
BRDA:14,0,1,0
BRDA:51,1,0,0
BRDA:51,1,1,0
BRDA:58,2,0,0
BRDA:58,2,1,0
BRDA:64,3,0,0
BRDA:64,3,1,0
BRDA:64,3,2,0
BRDA:64,3,3,0
BRDA:72,4,0,0
BRDA:72,4,1,0
BRDA:81,5,0,0
BRDA:81,5,1,0
BRDA:91,6,0,0
BRDA:91,6,1,0
BRDA:95,7,0,0
BRDA:95,7,1,0
BRDA:96,8,0,0
BRDA:96,8,1,0
BRDA:128,9,0,0
BRDA:128,9,1,0
BRDA:128,10,0,0
BRDA:128,10,1,0
BRDA:140,11,0,0
BRDA:140,11,1,0
BRDA:166,12,0,0
BRDA:166,12,1,0
BRDA:167,13,0,0
BRDA:167,13,1,0
BRDA:167,13,2,0
BRDA:174,14,0,0
BRDA:174,14,1,0
BRDA:178,15,0,0
BRDA:178,15,1,0
BRDA:188,16,0,0
BRDA:188,16,1,0
BRDA:189,17,0,0
BRDA:189,17,1,0
BRF:39
BRH:0
end_of_record
TN:
SF:src/lib/apiResponse.js
FN:11,(anonymous_0)
FNF:1
FNH:1
FNDA:15,(anonymous_0)
DA:11,5
DA:12,15
DA:19,7
DA:22,8
DA:23,8
DA:25,8
DA:26,1
DA:27,7
DA:32,3
DA:34,4
DA:37,8
LF:11
LH:11
BRDA:12,0,0,7
BRDA:12,0,1,8
BRDA:13,1,0,15
BRDA:13,1,1,13
BRDA:13,1,2,11
BRDA:13,1,3,10
BRDA:13,1,4,9
BRDA:25,2,0,1
BRDA:25,2,1,7
BRDA:27,3,0,3
BRDA:27,3,1,4
BRDA:28,4,0,7
BRDA:28,4,1,6
BRDA:28,4,2,4
BRF:14
BRH:14
end_of_record
TN:
SF:src/lib/axiosInstance.js
FN:21,(anonymous_0)
FN:33,(anonymous_1)
FN:52,(anonymous_2)
FN:62,(anonymous_3)
FN:63,(anonymous_4)
FN:71,(anonymous_5)
FN:94,(anonymous_6)
FN:130,(anonymous_7)
FN:133,(anonymous_8)
FN:137,(anonymous_9)
FNF:10
FNH:0
FNDA:0,(anonymous_0)
FNDA:0,(anonymous_1)
FNDA:0,(anonymous_2)
FNDA:0,(anonymous_3)
FNDA:0,(anonymous_4)
FNDA:0,(anonymous_5)
FNDA:0,(anonymous_6)
FNDA:0,(anonymous_7)
FNDA:0,(anonymous_8)
FNDA:0,(anonymous_9)
DA:14,4
DA:21,4
DA:22,0
DA:25,4
DA:32,4
DA:34,0
DA:36,0
DA:37,0
DA:40,0
DA:41,0
DA:42,0
DA:44,0
DA:50,0
DA:53,0
DA:54,0
DA:59,4
DA:60,4
DA:62,4
DA:63,0
DA:64,0
DA:65,0
DA:67,0
DA:70,4
DA:72,0
DA:77,0
DA:80,0
DA:81,0
DA:91,0
DA:95,0
DA:96,0
DA:97,0
DA:98,0
DA:99,0
DA:102,0
DA:103,0
DA:104,0
DA:115,0
DA:116,0
DA:118,0
DA:122,0
DA:128,0
DA:130,0
DA:131,0
DA:134,0
DA:135,0
DA:138,0
DA:142,0
DA:143,0
DA:145,0
DA:147,0
DA:149,0
DA:150,0
DA:153,0
DA:160,0
DA:161,0
DA:162,0
DA:164,0
DA:168,0
DA:169,0
DA:170,0
DA:171,0
DA:174,0
DA:175,0
DA:177,0
DA:183,0
DA:184,0
DA:185,0
DA:186,0
DA:187,0
DA:188,0
DA:189,0
DA:193,0
DA:194,0
DA:195,0
DA:198,0
DA:202,0
DA:203,0
DA:209,0
DA:212,0
DA:213,0
DA:217,0
DA:223,0
LF:82
LH:8
BRDA:26,0,0,4
BRDA:26,0,1,0
BRDA:36,1,0,0
BRDA:36,1,1,0
BRDA:62,2,0,0
BRDA:64,3,0,0
BRDA:64,3,1,0
BRDA:72,4,0,0
BRDA:72,4,1,0
BRDA:73,5,0,0
BRDA:73,5,1,0
BRDA:73,5,2,0
BRDA:80,6,0,0
BRDA:80,6,1,0
BRDA:84,7,0,0
BRDA:84,7,1,0
BRDA:87,8,0,0
BRDA:87,8,1,0
BRDA:87,8,2,0
BRDA:97,9,0,0
BRDA:97,9,1,0
BRDA:98,10,0,0
BRDA:98,10,1,0
BRDA:102,11,0,0
BRDA:102,11,1,0
BRDA:105,12,0,0
BRDA:105,12,1,0
BRDA:115,13,0,0
BRDA:115,13,1,0
BRDA:122,14,0,0
BRDA:122,14,1,0
BRDA:123,15,0,0
BRDA:123,15,1,0
BRDA:123,15,2,0
BRDA:123,15,3,0
BRDA:128,16,0,0
BRDA:128,16,1,0
BRDA:183,17,0,0
BRDA:183,17,1,0
BRDA:183,18,0,0
BRDA:183,18,1,0
BRDA:193,19,0,0
BRDA:193,19,1,0
BRDA:202,20,0,0
BRDA:202,20,1,0
BRF:45
BRH:1
end_of_record
TN:
SF:src/lib/cookies.js
FN:12,(anonymous_0)
FN:15,(anonymous_1)
FN:24,(anonymous_2)
FN:32,(anonymous_3)
FN:35,(anonymous_4)
FN:48,(anonymous_5)
FN:55,(anonymous_6)
FNF:7
FNH:7
FNDA:15,(anonymous_0)
FNDA:16,(anonymous_1)
FNDA:3,(anonymous_2)
FNDA:4,(anonymous_3)
FNDA:4,(anonymous_4)
FNDA:1,(anonymous_5)
FNDA:4,(anonymous_6)
DA:12,4
DA:13,15
DA:15,16
DA:16,15
DA:24,4
DA:25,3
DA:32,4
DA:35,4
DA:42,4
DA:48,4
DA:55,4
DA:56,4
LF:12
LH:12
BRDA:16,0,0,10
BRDA:16,0,1,5
BRF:2
BRH:2
end_of_record
TN:
SF:src/lib/httpStatus.js
FN:51,(anonymous_0)
FN:56,(anonymous_1)
FNF:2
FNH:2
FNDA:11,(anonymous_0)
FNDA:6,(anonymous_1)
DA:31,5
DA:51,11
DA:56,6
LF:3
LH:3
BRF:0
BRH:0
end_of_record
TN:
SF:src/lib/logger.js
FN:34,(anonymous_0)
FN:40,redactValue
FN:55,(anonymous_2)
FN:72,redactObject
FN:75,(anonymous_4)
FN:87,sanitizeMessage
FN:96,formatConsoleArg
FN:112,patchConsoleMethod
FN:116,(anonymous_8)
FN:139,formatLogValue
FN:150,buildConsoleMessage
FN:167,normalizeErrorInput
FN:181,(anonymous_12)
FN:197,(anonymous_13)
FN:207,(anonymous_14)
FNF:15
FNH:15
FNDA:8179,(anonymous_0)
FNDA:16343,redactValue
FNDA:98182,(anonymous_2)
FNDA:8211,redactObject
FNDA:6,(anonymous_4)
FNDA:62,sanitizeMessage
FNDA:2,formatConsoleArg
FNDA:24,patchConsoleMethod
FNDA:2,(anonymous_8)
FNDA:60,formatLogValue
FNDA:30,buildConsoleMessage
FNDA:22,normalizeErrorInput
FNDA:4,(anonymous_12)
FNDA:4,(anonymous_13)
FNDA:22,(anonymous_14)
DA:8,6
DA:11,6
DA:17,6
DA:19,6
DA:34,6
DA:35,8179
DA:37,8179
DA:41,16343
DA:45,16339
DA:46,1
DA:53,16338
DA:54,8188
DA:55,98182
DA:57,8
DA:59,8179
DA:64,8178
DA:65,0
DA:66,8178
DA:68,8150
DA:69,0
DA:73,8211
DA:74,8211
DA:75,8211
DA:76,8209
DA:77,8209
DA:78,16337
DA:79,16337
DA:81,2
DA:84,8208
DA:88,62
DA:90,61
DA:97,2
DA:98,2
DA:99,0
DA:100,0
DA:101,0
DA:102,0
DA:103,0
DA:104,0
DA:105,0
DA:106,0
DA:108,0
DA:113,24
DA:114,24
DA:116,24
DA:117,2
DA:118,2
DA:119,2
DA:121,0
DA:122,0
DA:133,24
DA:134,24
DA:137,6
DA:140,60
DA:141,60
DA:142,31
DA:143,31
DA:144,31
DA:146,0
DA:151,30
DA:152,30
DA:153,30
DA:154,3
DA:156,30
DA:157,30
DA:159,30
DA:168,22
DA:169,2
DA:174,20
DA:180,6
DA:182,4
DA:183,4
DA:184,4
DA:186,4
DA:187,4
DA:191,4
DA:198,4
DA:199,4
DA:200,4
DA:201,4
DA:202,4
DA:208,22
DA:209,22
DA:210,22
DA:211,22
LF:85
LH:71
BRDA:11,0,0,6
BRDA:11,0,1,0
BRDA:35,1,0,0
BRDA:35,1,1,8179
BRDA:41,2,0,4
BRDA:41,2,1,16339
BRDA:45,3,0,1
BRDA:45,3,1,16338
BRDA:53,4,0,8188
BRDA:53,4,1,8150
BRDA:54,5,0,8
BRDA:54,5,1,8180
BRDA:59,6,0,1
BRDA:59,6,1,8178
BRDA:64,7,0,0
BRDA:64,7,1,8178
BRDA:64,8,0,8178
BRDA:64,8,1,5
BRDA:68,9,0,8150
BRDA:68,9,1,0
BRDA:73,10,0,0
BRDA:73,10,1,8211
BRDA:74,11,0,0
BRDA:74,11,1,8211
BRDA:75,12,0,2
BRDA:75,12,1,8209
BRDA:88,13,0,1
BRDA:88,13,1,61
BRDA:97,14,0,0
BRDA:97,14,1,2
BRDA:98,15,0,2
BRDA:98,15,1,0
BRDA:99,16,0,0
BRDA:99,16,1,0
BRDA:99,17,0,0
BRDA:99,17,1,0
BRDA:101,18,0,0
BRDA:101,18,1,0
BRDA:102,19,0,0
BRDA:102,19,1,0
BRDA:103,20,0,0
BRDA:103,20,1,0
BRDA:104,21,0,0
BRDA:104,21,1,0
BRDA:104,21,2,0
BRDA:114,22,0,0
BRDA:114,22,1,24
BRDA:114,23,0,24
BRDA:114,23,1,24
BRDA:125,24,0,0
BRDA:125,24,1,0
BRDA:140,25,0,0
BRDA:140,25,1,60
BRDA:141,26,0,29
BRDA:141,26,1,31
BRDA:142,27,0,0
BRDA:142,27,1,31
BRDA:153,28,0,27
BRDA:153,28,1,3
BRDA:157,29,0,30
BRDA:157,29,1,0
BRDA:168,30,0,2
BRDA:168,30,1,20
BRDA:181,31,0,4
BRDA:184,32,0,4
BRDA:184,32,1,0
BRDA:186,33,0,4
BRDA:186,33,1,0
BRDA:197,34,0,4
BRDA:200,35,0,4
BRDA:200,35,1,0
BRDA:207,36,0,22
BRDA:209,37,0,22
BRDA:209,37,1,0
BRF:74
BRH:43
end_of_record
TN:
SF:src/lib/sentry.js
FN:7,(anonymous_0)
FNF:1
FNH:1
FNDA:4,(anonymous_0)
DA:7,1
DA:8,4
DA:10,3
LF:3
LH:3
BRDA:8,0,0,1
BRDA:8,0,1,3
BRDA:13,1,0,3
BRDA:13,1,1,1
BRF:4
BRH:4
end_of_record
TN:
SF:src/lib/auth/messageUtils.js
FN:26,(anonymous_0)
FN:34,(anonymous_1)
FN:42,(anonymous_2)
FN:50,(anonymous_3)
FN:63,(anonymous_4)
FNF:5
FNH:5
FNDA:2,(anonymous_0)
FNDA:2,(anonymous_1)
FNDA:2,(anonymous_2)
FNDA:1,(anonymous_3)
FNDA:1,(anonymous_4)
DA:11,1
DA:16,1
DA:26,2
DA:34,2
DA:42,2
DA:50,1
DA:55,1
DA:63,1
DA:71,1
LF:9
LH:9
BRF:0
BRH:0
end_of_record
TN:
SF:src/lib/auth/otpUtils.js
FN:13,(anonymous_0)
FN:34,(anonymous_1)
FN:43,(anonymous_2)
FN:65,(anonymous_3)
FN:70,(anonymous_4)
FN:75,(anonymous_5)
FNF:6
FNH:6
FNDA:8,(anonymous_0)
FNDA:6,(anonymous_1)
FNDA:6,(anonymous_2)
FNDA:3,(anonymous_3)
FNDA:1,(anonymous_4)
FNDA:1,(anonymous_5)
DA:13,1
DA:20,8
DA:21,6
DA:22,6
DA:23,6
DA:26,6
DA:27,4
DA:34,1
DA:35,6
DA:36,3
DA:43,1
DA:49,6
DA:54,6
DA:55,5
DA:56,5
DA:59,6
DA:65,3
DA:70,1
DA:75,1
DA:76,1
LF:20
LH:20
BRDA:18,0,0,8
BRDA:20,1,0,2
BRDA:20,1,1,6
BRDA:26,2,0,4
BRDA:26,2,1,2
BRDA:26,3,0,6
BRDA:26,3,1,5
BRDA:34,4,0,6
BRDA:35,5,0,3
BRDA:35,5,1,3
BRDA:35,6,0,6
BRDA:35,6,1,5
BRDA:35,6,2,4
BRDA:47,7,0,6
BRDA:54,8,0,5
BRDA:54,8,1,1
BRF:16
BRH:16
end_of_record
TN:
SF:src/lib/auth/passwordIconUtils.js
FNF:0
FNH:0
LF:0
LH:0
BRF:0
BRH:0
end_of_record
TN:
SF:src/lib/auth/passwordIconUtils.jsx
FN:43,(anonymous_0)
FNF:1
FNH:1
FNDA:8,(anonymous_0)
DA:8,1
DA:24,1
DA:43,1
DA:44,8
LF:4
LH:4
BRDA:44,0,0,3
BRDA:44,0,1,5
BRF:2
BRH:2
end_of_record
TN:
SF:src/lib/auth/redirectUtils.js
FN:12,(anonymous_0)
FN:21,(anonymous_1)
FN:28,(anonymous_2)
FN:46,(anonymous_3)
FN:52,(anonymous_4)
FNF:5
FNH:5
FNDA:7,(anonymous_0)
FNDA:5,(anonymous_1)
FNDA:5,(anonymous_2)
FNDA:6,(anonymous_3)
FNDA:4,(anonymous_4)
DA:12,1
DA:13,7
DA:14,5
DA:15,4
DA:21,1
DA:22,5
DA:28,1
DA:29,5
DA:35,1
DA:46,1
DA:47,6
DA:52,1
DA:53,4
DA:54,4
DA:55,4
LF:15
LH:15
BRDA:13,0,0,2
BRDA:13,0,1,5
BRDA:14,1,0,1
BRDA:14,1,1,4
BRDA:22,2,0,2
BRDA:22,2,1,3
BRDA:29,3,0,2
BRDA:29,3,1,3
BRDA:47,4,0,6
BRDA:47,4,1,1
BRDA:52,5,0,4
BRF:11
BRH:11
end_of_record
TN:
SF:src/lib/formatters/dateTime.js
FN:14,(anonymous_0)
FN:25,(anonymous_1)
FN:39,(anonymous_2)
FN:58,(anonymous_3)
FN:67,(anonymous_4)
FN:76,(anonymous_5)
FN:96,(anonymous_6)
FN:119,(anonymous_7)
FNF:8
FNH:8
FNDA:5,(anonymous_0)
FNDA:4,(anonymous_1)
FNDA:4,(anonymous_2)
FNDA:4,(anonymous_3)
FNDA:2,(anonymous_4)
FNDA:2,(anonymous_5)
FNDA:5,(anonymous_6)
FNDA:4,(anonymous_7)
DA:5,1
DA:14,1
DA:15,5
DA:16,3
DA:17,3
DA:18,2
DA:25,1
DA:26,4
DA:28,3
DA:29,3
DA:31,3
DA:39,1
DA:40,4
DA:42,3
DA:43,3
DA:45,3
DA:58,1
DA:59,4
DA:60,3
DA:61,3
DA:62,2
DA:63,4
DA:64,4
DA:67,1
DA:68,2
DA:70,1
DA:71,1
DA:73,1
DA:76,1
DA:77,2
DA:79,1
DA:80,1
DA:82,1
DA:96,1
DA:97,5
DA:99,4
DA:100,4
DA:102,3
DA:103,3
DA:104,3
DA:106,3
DA:107,2
DA:109,1
DA:119,1
DA:120,4
DA:122,3
DA:123,3
DA:124,3
DA:125,1
DA:127,2
LF:50
LH:50
BRDA:14,0,0,5
BRDA:15,1,0,2
BRDA:15,1,1,3
BRDA:17,2,0,1
BRDA:17,2,1,2
BRDA:25,3,0,4
BRDA:26,4,0,1
BRDA:26,4,1,3
BRDA:29,5,0,0
BRDA:29,5,1,3
BRDA:39,6,0,4
BRDA:40,7,0,1
BRDA:40,7,1,3
BRDA:43,8,0,0
BRDA:43,8,1,3
BRDA:59,9,0,1
BRDA:59,9,1,3
BRDA:61,10,0,1
BRDA:61,10,1,2
BRDA:61,11,0,3
BRDA:61,11,1,2
BRDA:62,12,0,1
BRDA:62,12,1,1
BRDA:63,13,0,4
BRDA:63,13,1,0
BRDA:67,14,0,2
BRDA:68,15,0,1
BRDA:68,15,1,1
BRDA:71,16,0,0
BRDA:71,16,1,1
BRDA:76,17,0,2
BRDA:77,18,0,1
BRDA:77,18,1,1
BRDA:80,19,0,0
BRDA:80,19,1,1
BRDA:97,20,0,1
BRDA:97,20,1,4
BRDA:100,21,0,1
BRDA:100,21,1,3
BRDA:106,22,0,1
BRDA:106,22,1,2
BRDA:107,23,0,1
BRDA:107,23,1,1
BRDA:120,24,0,1
BRDA:120,24,1,3
BRDA:120,25,0,4
BRDA:120,25,1,3
BRDA:124,26,0,1
BRDA:124,26,1,2
BRDA:124,27,0,3
BRDA:124,27,1,3
BRF:51
BRH:46
end_of_record
TN:
SF:src/lib/formatters/number.js
FN:9,(anonymous_0)
FNF:1
FNH:1
FNDA:5,(anonymous_0)
DA:9,1
DA:10,5
LF:2
LH:2
BRDA:10,0,0,5
BRDA:10,0,1,3
BRF:2
BRH:2
end_of_record
TN:
SF:src/lib/hooks/useEscrowPayment.js
FN:13,(anonymous_0)
FN:28,(anonymous_1)
FN:29,(anonymous_2)
FNF:3
FNH:3
FNDA:17,(anonymous_0)
FNDA:9,(anonymous_1)
FNDA:7,(anonymous_2)
DA:13,1
DA:18,17
DA:19,17
DA:20,17
DA:21,17
DA:22,17
DA:23,17
DA:24,17
DA:26,17
DA:28,17
DA:29,9
DA:30,7
DA:31,7
DA:32,7
DA:33,6
DA:34,7
DA:35,2
DA:36,6
DA:37,6
DA:38,1
DA:40,1
DA:44,7
DA:48,9
DA:51,17
LF:24
LH:24
BRDA:15,0,0,17
BRDA:16,1,0,17
BRDA:26,2,0,17
BRDA:26,2,1,15
BRDA:33,3,0,6
BRDA:33,3,1,1
BRDA:34,4,0,2
BRDA:34,4,1,5
BRDA:36,5,0,2
BRDA:36,5,1,4
BRDA:37,6,0,1
BRDA:37,6,1,5
BRDA:41,7,0,1
BRDA:41,7,1,0
BRDA:48,8,0,7
BRDA:48,8,1,2
BRF:16
BRH:15
end_of_record
TN:
SF:src/lib/hooks/useSocketEvent.js
FN:32,(anonymous_0)
FN:33,(anonymous_1)
FN:40,(anonymous_2)
FN:47,(anonymous_3)
FN:53,(anonymous_4)
FN:55,(anonymous_5)
FNF:6
FNH:6
FNDA:14,(anonymous_0)
FNDA:14,(anonymous_1)
FNDA:10,(anonymous_2)
FNDA:9,(anonymous_3)
FNDA:12,(anonymous_4)
FNDA:13,(anonymous_5)
DA:9,1
DA:32,1
DA:33,14
DA:34,14
DA:35,14
DA:37,12
DA:38,12
DA:40,12
DA:41,10
DA:42,8
DA:43,8
DA:46,8
DA:47,8
DA:48,9
DA:53,12
DA:54,12
DA:55,12
DA:56,13
DA:58,12
LF:19
LH:19
BRDA:32,0,0,14
BRDA:35,1,0,2
BRDA:35,1,1,12
BRDA:41,2,0,8
BRDA:41,2,1,2
BRF:5
BRH:5
end_of_record
TN:
SF:src/lib/mappers/userMapper.js
FN:13,(anonymous_0)
FNF:1
FNH:1
FNDA:25,(anonymous_0)
DA:13,25
LF:1
LH:1
BRDA:13,0,0,25
BRDA:14,1,0,25
BRDA:14,1,1,24
BRDA:14,1,2,23
BRDA:15,2,0,25
BRDA:15,2,1,23
BRDA:16,3,0,25
BRDA:16,3,1,23
BRDA:17,4,0,1
BRDA:17,4,1,24
BRDA:19,5,0,25
BRDA:19,5,1,23
BRDA:19,5,2,22
BRDA:19,5,3,21
BRDA:21,6,0,25
BRDA:21,6,1,20
BRDA:21,6,2,19
BRDA:23,7,0,25
BRDA:23,7,1,21
BRDA:24,8,0,25
BRDA:24,8,1,24
BRDA:25,9,0,25
BRDA:25,9,1,24
BRF:23
BRH:23
end_of_record
TN:
SF:src/lib/validation/passwordValidation.js
FN:9,(anonymous_0)
FN:13,(anonymous_1)
FN:15,(anonymous_2)
FN:19,(anonymous_3)
FN:26,(anonymous_4)
FN:27,(anonymous_5)
FN:38,(anonymous_6)
FN:48,(anonymous_7)
FNF:8
FNH:8
FNDA:13,(anonymous_0)
FNDA:13,(anonymous_1)
FNDA:13,(anonymous_2)
FNDA:13,(anonymous_3)
FNDA:13,(anonymous_4)
FNDA:52,(anonymous_5)
FNDA:6,(anonymous_6)
FNDA:2,(anonymous_7)
DA:8,1
DA:9,13
DA:13,13
DA:15,13
DA:19,13
DA:26,1
DA:27,52
DA:28,13
DA:38,1
DA:39,6
DA:40,4
DA:41,3
DA:42,2
DA:48,2
LF:14
LH:14
BRDA:39,0,0,2
BRDA:39,0,1,4
BRDA:40,1,0,1
BRDA:40,1,1,3
BRDA:41,2,0,1
BRDA:41,2,1,2
BRF:6
BRH:6
end_of_record
TN:
SF:src/lib/validation/schemas.js
FN:38,(anonymous_0)
FN:106,(anonymous_1)
FN:128,(anonymous_2)
FN:145,(anonymous_3)
FN:165,(anonymous_4)
FN:186,(anonymous_5)
FN:210,(anonymous_6)
FN:218,(anonymous_7)
FN:225,(anonymous_8)
FN:232,(anonymous_9)
FNF:10
FNH:10
FNDA:5,(anonymous_0)
FNDA:9,(anonymous_1)
FNDA:8,(anonymous_2)
FNDA:8,(anonymous_3)
FNDA:7,(anonymous_4)
FNDA:7,(anonymous_5)
FNDA:2,(anonymous_6)
FNDA:2,(anonymous_7)
FNDA:2,(anonymous_8)
FNDA:2,(anonymous_9)
DA:8,1
DA:17,1
DA:24,1
DA:31,1
DA:38,5
DA:43,1
DA:49,1
DA:56,1
DA:62,1
DA:78,1
DA:85,1
DA:94,1
DA:106,1
DA:107,9
DA:108,7
DA:109,2
DA:115,5
DA:116,1
DA:118,4
DA:128,1
DA:129,8
DA:130,7
DA:131,2
DA:133,5
DA:134,1
DA:136,4
DA:145,1
DA:146,8
DA:147,7
DA:148,2
DA:153,5
DA:154,1
DA:156,4
DA:165,1
DA:166,7
DA:167,6
DA:168,2
DA:173,4
DA:174,1
DA:176,3
DA:186,1
DA:187,7
DA:188,5
DA:189,1
DA:191,4
DA:192,6
DA:193,1
DA:198,5
DA:199,1
DA:205,2
DA:209,1
DA:211,2
DA:212,2
DA:217,1
DA:219,2
DA:220,2
DA:224,1
DA:226,2
DA:227,2
DA:231,1
DA:233,2
DA:234,2
LF:62
LH:62
BRDA:107,0,0,2
BRDA:107,0,1,7
BRDA:108,1,0,2
BRDA:108,1,1,5
BRDA:115,2,0,1
BRDA:115,2,1,4
BRDA:128,3,0,8
BRDA:129,4,0,1
BRDA:129,4,1,7
BRDA:130,5,0,2
BRDA:130,5,1,5
BRDA:133,6,0,1
BRDA:133,6,1,4
BRDA:146,7,0,1
BRDA:146,7,1,7
BRDA:147,8,0,2
BRDA:147,8,1,5
BRDA:153,9,0,1
BRDA:153,9,1,4
BRDA:166,10,0,1
BRDA:166,10,1,6
BRDA:167,11,0,2
BRDA:167,11,1,4
BRDA:173,12,0,1
BRDA:173,12,1,3
BRDA:186,13,0,7
BRDA:187,14,0,2
BRDA:187,14,1,5
BRDA:187,15,0,7
BRDA:187,15,1,6
BRDA:188,16,0,1
BRDA:188,16,1,4
BRDA:192,17,0,1
BRDA:192,17,1,5
BRDA:198,18,0,1
BRDA:198,18,1,4
BRF:36
BRH:36
end_of_record
TN:
SF:src/store/index.js
FNF:0
FNH:0
DA:13,1
LF:1
LH:1
BRF:0
BRH:0
end_of_record
